THIRD_PARTY_INSTALL_PREFIX is /home/chris/OBZen-zhanghao-2024/deps/3rd/usr/local
./build.sh 
Build type: debug
rm: cannot remove 'build': Is a directory
create soft link for build_debug, linked by directory named build
ln: failed to create symbolic link 'build/build_debug': File exists
cmake -DCMAKE_EXPORT_COMPILE_COMMANDS=1 --log-level=STATUS /home/chris/OBZen-zhanghao-2024 -DCMAKE_BUILD_TYPE=debug
-- This is Project source dir /home/chris/OBZen-zhanghao-2024
-- This is PROJECT_BINARY_DIR dir /home/chris/OBZen-zhanghao-2024/build_debug
-- Using build type: debug
-- HOME dir: /home/chris
-- This is UNIX
-- CMAKE_CXX_COMPILER_ID is GNU
-- Instrumenting with Address Sanitizer
-- CMAKE_INSTALL_PREFIX has been set as /usr/local
-- Install target dir is /usr/local
-- CMAKE_CXX_FLAGS is  -Wall -Werror -Wno-error=sign-compare -DDEBUG -g -O0 -fno-omit-frame-pointer -fsanitize=address -fsanitize-address-use-after-scope
-- Using replxx for line reading
-- common uses replxx
-- This is CMAKE_CURRENT_SOURCE_DIR dir /home/chris/OBZen-zhanghao-2024/src/observer
MAIN SRC: /home/chris/OBZen-zhanghao-2024/src/observer/main.cpp
Use /home/chris/OBZen-zhanghao-2024/src/observer/catalog/catalog.cpp
Use /home/chris/OBZen-zhanghao-2024/src/observer/common/global_context.cpp
Use /home/chris/OBZen-zhanghao-2024/src/observer/common/init.cpp
Use /home/chris/OBZen-zhanghao-2024/src/observer/common/type/attr_type.cpp
Use /home/chris/OBZen-zhanghao-2024/src/observer/common/type/boolean_type.cpp
Use /home/chris/OBZen-zhanghao-2024/src/observer/common/type/char_type.cpp
Use /home/chris/OBZen-zhanghao-2024/src/observer/common/type/data_type.cpp
Use /home/chris/OBZen-zhanghao-2024/src/observer/common/type/date_type.cpp
Use /home/chris/OBZen-zhanghao-2024/src/observer/common/type/float_type.cpp
Use /home/chris/OBZen-zhanghao-2024/src/observer/common/type/integer_type.cpp
Use /home/chris/OBZen-zhanghao-2024/src/observer/common/utils.cpp
Use /home/chris/OBZen-zhanghao-2024/src/observer/common/value.cpp
Use /home/chris/OBZen-zhanghao-2024/src/observer/event/session_event.cpp
Use /home/chris/OBZen-zhanghao-2024/src/observer/event/sql_debug.cpp
Use /home/chris/OBZen-zhanghao-2024/src/observer/event/sql_event.cpp
Use /home/chris/OBZen-zhanghao-2024/src/observer/net/buffered_writer.cpp
Use /home/chris/OBZen-zhanghao-2024/src/observer/net/cli_communicator.cpp
Use /home/chris/OBZen-zhanghao-2024/src/observer/net/communicator.cpp
Use /home/chris/OBZen-zhanghao-2024/src/observer/net/java_thread_pool_thread_handler.cpp
Use /home/chris/OBZen-zhanghao-2024/src/observer/net/mysql_communicator.cpp
Use /home/chris/OBZen-zhanghao-2024/src/observer/net/one_thread_per_connection_thread_handler.cpp
Use /home/chris/OBZen-zhanghao-2024/src/observer/net/plain_communicator.cpp
Use /home/chris/OBZen-zhanghao-2024/src/observer/net/ring_buffer.cpp
Use /home/chris/OBZen-zhanghao-2024/src/observer/net/server.cpp
Use /home/chris/OBZen-zhanghao-2024/src/observer/net/sql_task_handler.cpp
Use /home/chris/OBZen-zhanghao-2024/src/observer/net/thread_handler.cpp
Use /home/chris/OBZen-zhanghao-2024/src/observer/session/session.cpp
Use /home/chris/OBZen-zhanghao-2024/src/observer/session/session_stage.cpp
Use /home/chris/OBZen-zhanghao-2024/src/observer/session/thread_data.cpp
Use /home/chris/OBZen-zhanghao-2024/src/observer/sql/executor/analyze_table_executor.cpp
Use /home/chris/OBZen-zhanghao-2024/src/observer/sql/executor/command_executor.cpp
Use /home/chris/OBZen-zhanghao-2024/src/observer/sql/executor/create_index_executor.cpp
Use /home/chris/OBZen-zhanghao-2024/src/observer/sql/executor/create_table_executor.cpp
Use /home/chris/OBZen-zhanghao-2024/src/observer/sql/executor/desc_table_executor.cpp
Use /home/chris/OBZen-zhanghao-2024/src/observer/sql/executor/drop_table_executor.cpp
Use /home/chris/OBZen-zhanghao-2024/src/observer/sql/executor/execute_stage.cpp
Use /home/chris/OBZen-zhanghao-2024/src/observer/sql/executor/load_data_executor.cpp
Use /home/chris/OBZen-zhanghao-2024/src/observer/sql/executor/set_variable_executor.cpp
Use /home/chris/OBZen-zhanghao-2024/src/observer/sql/executor/sql_result.cpp
Use /home/chris/OBZen-zhanghao-2024/src/observer/sql/expr/aggregate_hash_table.cpp
Use /home/chris/OBZen-zhanghao-2024/src/observer/sql/expr/aggregate_state.cpp
Use /home/chris/OBZen-zhanghao-2024/src/observer/sql/expr/aggregator.cpp
Use /home/chris/OBZen-zhanghao-2024/src/observer/sql/expr/composite_tuple.cpp
Use /home/chris/OBZen-zhanghao-2024/src/observer/sql/expr/expression.cpp
Use /home/chris/OBZen-zhanghao-2024/src/observer/sql/expr/expression_iterator.cpp
Use /home/chris/OBZen-zhanghao-2024/src/observer/sql/expr/tuple_cell.cpp
Use /home/chris/OBZen-zhanghao-2024/src/observer/sql/operator/aggregate_vec_physical_operator.cpp
Use /home/chris/OBZen-zhanghao-2024/src/observer/sql/operator/delete_logical_operator.cpp
Use /home/chris/OBZen-zhanghao-2024/src/observer/sql/operator/delete_physical_operator.cpp
Use /home/chris/OBZen-zhanghao-2024/src/observer/sql/operator/explain_physical_operator.cpp
Use /home/chris/OBZen-zhanghao-2024/src/observer/sql/operator/expr_vec_physical_operator.cpp
Use /home/chris/OBZen-zhanghao-2024/src/observer/sql/operator/group_by_logical_operator.cpp
Use /home/chris/OBZen-zhanghao-2024/src/observer/sql/operator/group_by_physical_operator.cpp
Use /home/chris/OBZen-zhanghao-2024/src/observer/sql/operator/group_by_vec_physical_operator.cpp
Use /home/chris/OBZen-zhanghao-2024/src/observer/sql/operator/hash_group_by_physical_operator.cpp
Use /home/chris/OBZen-zhanghao-2024/src/observer/sql/operator/hash_join_physical_operator.cpp
Use /home/chris/OBZen-zhanghao-2024/src/observer/sql/operator/index_scan_physical_operator.cpp
Use /home/chris/OBZen-zhanghao-2024/src/observer/sql/operator/insert_logical_operator.cpp
Use /home/chris/OBZen-zhanghao-2024/src/observer/sql/operator/insert_physical_operator.cpp
Use /home/chris/OBZen-zhanghao-2024/src/observer/sql/operator/join_physical_operator.cpp
Use /home/chris/OBZen-zhanghao-2024/src/observer/sql/operator/logical_operator.cpp
Use /home/chris/OBZen-zhanghao-2024/src/observer/sql/operator/nested_loop_join_physical_operator.cpp
Use /home/chris/OBZen-zhanghao-2024/src/observer/sql/operator/physical_operator.cpp
Use /home/chris/OBZen-zhanghao-2024/src/observer/sql/operator/predicate_logical_operator.cpp
Use /home/chris/OBZen-zhanghao-2024/src/observer/sql/operator/predicate_physical_operator.cpp
Use /home/chris/OBZen-zhanghao-2024/src/observer/sql/operator/project_logical_operator.cpp
Use /home/chris/OBZen-zhanghao-2024/src/observer/sql/operator/project_physical_operator.cpp
Use /home/chris/OBZen-zhanghao-2024/src/observer/sql/operator/project_vec_physical_operator.cpp
Use /home/chris/OBZen-zhanghao-2024/src/observer/sql/operator/scalar_group_by_physical_operator.cpp
Use /home/chris/OBZen-zhanghao-2024/src/observer/sql/operator/table_get_logical_operator.cpp
Use /home/chris/OBZen-zhanghao-2024/src/observer/sql/operator/table_scan_physical_operator.cpp
Use /home/chris/OBZen-zhanghao-2024/src/observer/sql/operator/table_scan_vec_physical_operator.cpp
Use /home/chris/OBZen-zhanghao-2024/src/observer/sql/operator/update_logical_operator.cpp
Use /home/chris/OBZen-zhanghao-2024/src/observer/sql/operator/update_physical_operator.cpp
Use /home/chris/OBZen-zhanghao-2024/src/observer/sql/optimizer/cascade/cost_model.cpp
Use /home/chris/OBZen-zhanghao-2024/src/observer/sql/optimizer/cascade/group.cpp
Use /home/chris/OBZen-zhanghao-2024/src/observer/sql/optimizer/cascade/group_expr.cpp
Use /home/chris/OBZen-zhanghao-2024/src/observer/sql/optimizer/cascade/implementation_rules.cpp
Use /home/chris/OBZen-zhanghao-2024/src/observer/sql/optimizer/cascade/memo.cpp
Use /home/chris/OBZen-zhanghao-2024/src/observer/sql/optimizer/cascade/optimizer.cpp
Use /home/chris/OBZen-zhanghao-2024/src/observer/sql/optimizer/cascade/optimizer_context.cpp
Use /home/chris/OBZen-zhanghao-2024/src/observer/sql/optimizer/cascade/rules.cpp
Use /home/chris/OBZen-zhanghao-2024/src/observer/sql/optimizer/cascade/tasks/apply_rule_task.cpp
Use /home/chris/OBZen-zhanghao-2024/src/observer/sql/optimizer/cascade/tasks/cascade_task.cpp
Use /home/chris/OBZen-zhanghao-2024/src/observer/sql/optimizer/cascade/tasks/e_group_task.cpp
Use /home/chris/OBZen-zhanghao-2024/src/observer/sql/optimizer/cascade/tasks/o_expr_task.cpp
Use /home/chris/OBZen-zhanghao-2024/src/observer/sql/optimizer/cascade/tasks/o_group_task.cpp
Use /home/chris/OBZen-zhanghao-2024/src/observer/sql/optimizer/cascade/tasks/o_input_task.cpp
Use /home/chris/OBZen-zhanghao-2024/src/observer/sql/optimizer/comparison_simplification_rule.cpp
Use /home/chris/OBZen-zhanghao-2024/src/observer/sql/optimizer/conjunction_simplification_rule.cpp
Use /home/chris/OBZen-zhanghao-2024/src/observer/sql/optimizer/expression_rewriter.cpp
Use /home/chris/OBZen-zhanghao-2024/src/observer/sql/optimizer/logical_plan_generator.cpp
Use /home/chris/OBZen-zhanghao-2024/src/observer/sql/optimizer/optimize_stage.cpp
Use /home/chris/OBZen-zhanghao-2024/src/observer/sql/optimizer/optimizer_utils.cpp
Use /home/chris/OBZen-zhanghao-2024/src/observer/sql/optimizer/physical_plan_generator.cpp
Use /home/chris/OBZen-zhanghao-2024/src/observer/sql/optimizer/predicate_pushdown_rewriter.cpp
Use /home/chris/OBZen-zhanghao-2024/src/observer/sql/optimizer/predicate_rewrite.cpp
Use /home/chris/OBZen-zhanghao-2024/src/observer/sql/optimizer/predicate_to_join_rule.cpp
Use /home/chris/OBZen-zhanghao-2024/src/observer/sql/optimizer/rewriter.cpp
Use /home/chris/OBZen-zhanghao-2024/src/observer/sql/parser/expression_binder.cpp
Use /home/chris/OBZen-zhanghao-2024/src/observer/sql/parser/lex_sql.cpp
Use /home/chris/OBZen-zhanghao-2024/src/observer/sql/parser/parse.cpp
Use /home/chris/OBZen-zhanghao-2024/src/observer/sql/parser/parse_stage.cpp
Use /home/chris/OBZen-zhanghao-2024/src/observer/sql/parser/resolve_stage.cpp
Use /home/chris/OBZen-zhanghao-2024/src/observer/sql/parser/yacc_sql.cpp
Use /home/chris/OBZen-zhanghao-2024/src/observer/sql/plan_cache/plan_cache_stage.cpp
Use /home/chris/OBZen-zhanghao-2024/src/observer/sql/query_cache/query_cache_stage.cpp
Use /home/chris/OBZen-zhanghao-2024/src/observer/sql/stmt/analyze_table_stmt.cpp
Use /home/chris/OBZen-zhanghao-2024/src/observer/sql/stmt/create_index_stmt.cpp
Use /home/chris/OBZen-zhanghao-2024/src/observer/sql/stmt/create_table_stmt.cpp
Use /home/chris/OBZen-zhanghao-2024/src/observer/sql/stmt/delete_stmt.cpp
Use /home/chris/OBZen-zhanghao-2024/src/observer/sql/stmt/desc_table_stmt.cpp
Use /home/chris/OBZen-zhanghao-2024/src/observer/sql/stmt/drop_table_stmt.cpp
Use /home/chris/OBZen-zhanghao-2024/src/observer/sql/stmt/explain_stmt.cpp
Use /home/chris/OBZen-zhanghao-2024/src/observer/sql/stmt/filter_stmt.cpp
Use /home/chris/OBZen-zhanghao-2024/src/observer/sql/stmt/insert_stmt.cpp
Use /home/chris/OBZen-zhanghao-2024/src/observer/sql/stmt/load_data_stmt.cpp
Use /home/chris/OBZen-zhanghao-2024/src/observer/sql/stmt/select_stmt.cpp
Use /home/chris/OBZen-zhanghao-2024/src/observer/sql/stmt/stmt.cpp
Use /home/chris/OBZen-zhanghao-2024/src/observer/sql/stmt/update_stmt.cpp
Use /home/chris/OBZen-zhanghao-2024/src/observer/storage/buffer/buffer_pool_log.cpp
Use /home/chris/OBZen-zhanghao-2024/src/observer/storage/buffer/disk_buffer_pool.cpp
Use /home/chris/OBZen-zhanghao-2024/src/observer/storage/buffer/double_write_buffer.cpp
Use /home/chris/OBZen-zhanghao-2024/src/observer/storage/buffer/frame.cpp
Use /home/chris/OBZen-zhanghao-2024/src/observer/storage/clog/disk_log_handler.cpp
Use /home/chris/OBZen-zhanghao-2024/src/observer/storage/clog/integrated_log_replayer.cpp
Use /home/chris/OBZen-zhanghao-2024/src/observer/storage/clog/log_buffer.cpp
Use /home/chris/OBZen-zhanghao-2024/src/observer/storage/clog/log_entry.cpp
Use /home/chris/OBZen-zhanghao-2024/src/observer/storage/clog/log_file.cpp
Use /home/chris/OBZen-zhanghao-2024/src/observer/storage/clog/log_handler.cpp
Use /home/chris/OBZen-zhanghao-2024/src/observer/storage/common/chunk.cpp
Use /home/chris/OBZen-zhanghao-2024/src/observer/storage/common/codec.cpp
Use /home/chris/OBZen-zhanghao-2024/src/observer/storage/common/column.cpp
Use /home/chris/OBZen-zhanghao-2024/src/observer/storage/common/condition_filter.cpp
Use /home/chris/OBZen-zhanghao-2024/src/observer/storage/common/meta_util.cpp
Use /home/chris/OBZen-zhanghao-2024/src/observer/storage/db/db.cpp
Use /home/chris/OBZen-zhanghao-2024/src/observer/storage/default/default_handler.cpp
Use /home/chris/OBZen-zhanghao-2024/src/observer/storage/field/field.cpp
Use /home/chris/OBZen-zhanghao-2024/src/observer/storage/field/field_meta.cpp
Use /home/chris/OBZen-zhanghao-2024/src/observer/storage/index/bplus_tree.cpp
Use /home/chris/OBZen-zhanghao-2024/src/observer/storage/index/bplus_tree_index.cpp
Use /home/chris/OBZen-zhanghao-2024/src/observer/storage/index/bplus_tree_log.cpp
Use /home/chris/OBZen-zhanghao-2024/src/observer/storage/index/bplus_tree_log_entry.cpp
Use /home/chris/OBZen-zhanghao-2024/src/observer/storage/index/index.cpp
Use /home/chris/OBZen-zhanghao-2024/src/observer/storage/index/index_meta.cpp
Use /home/chris/OBZen-zhanghao-2024/src/observer/storage/index/latch_memo.cpp
Use /home/chris/OBZen-zhanghao-2024/src/observer/storage/persist/persist.cpp
Use /home/chris/OBZen-zhanghao-2024/src/observer/storage/record/heap_record_scanner.cpp
Use /home/chris/OBZen-zhanghao-2024/src/observer/storage/record/lsm_record_scanner.cpp
Use /home/chris/OBZen-zhanghao-2024/src/observer/storage/record/record_log.cpp
Use /home/chris/OBZen-zhanghao-2024/src/observer/storage/record/record_manager.cpp
Use /home/chris/OBZen-zhanghao-2024/src/observer/storage/record/record_scanner.cpp
Use /home/chris/OBZen-zhanghao-2024/src/observer/storage/table/heap_table_engine.cpp
Use /home/chris/OBZen-zhanghao-2024/src/observer/storage/table/lsm_table_engine.cpp
Use /home/chris/OBZen-zhanghao-2024/src/observer/storage/table/table.cpp
Use /home/chris/OBZen-zhanghao-2024/src/observer/storage/table/table_meta.cpp
Use /home/chris/OBZen-zhanghao-2024/src/observer/storage/trx/lsm_mvcc_trx.cpp
Use /home/chris/OBZen-zhanghao-2024/src/observer/storage/trx/mvcc_trx.cpp
Use /home/chris/OBZen-zhanghao-2024/src/observer/storage/trx/mvcc_trx_log.cpp
Use /home/chris/OBZen-zhanghao-2024/src/observer/storage/trx/trx.cpp
Use /home/chris/OBZen-zhanghao-2024/src/observer/storage/trx/vacuous_trx.cpp
-- Found libevent 2.2.1 in /home/chris/OBZen-zhanghao-2024/deps/3rd/usr/local
Binary directory:/home/chris/OBZen-zhanghao-2024/build_debug/bin
Archive directory:/home/chris/OBZen-zhanghao-2024/build_debug/lib
Begin to build obclient
Use /home/chris/OBZen-zhanghao-2024/src/obclient/client.cpp
OBLSM_SOURCES: /home/chris/OBZen-zhanghao-2024/src/oblsm/compaction/ob_compaction.cpp;/home/chris/OBZen-zhanghao-2024/src/oblsm/compaction/ob_compaction_picker.cpp;/home/chris/OBZen-zhanghao-2024/src/oblsm/memtable/ob_memtable.cpp;/home/chris/OBZen-zhanghao-2024/src/oblsm/ob_lsm_impl.cpp;/home/chris/OBZen-zhanghao-2024/src/oblsm/ob_lsm_transaction.cpp;/home/chris/OBZen-zhanghao-2024/src/oblsm/ob_manifest.cpp;/home/chris/OBZen-zhanghao-2024/src/oblsm/ob_user_iterator.cpp;/home/chris/OBZen-zhanghao-2024/src/oblsm/table/ob_block.cpp;/home/chris/OBZen-zhanghao-2024/src/oblsm/table/ob_block_builder.cpp;/home/chris/OBZen-zhanghao-2024/src/oblsm/table/ob_merger.cpp;/home/chris/OBZen-zhanghao-2024/src/oblsm/table/ob_sstable.cpp;/home/chris/OBZen-zhanghao-2024/src/oblsm/table/ob_sstable_builder.cpp;/home/chris/OBZen-zhanghao-2024/src/oblsm/util/ob_arena.cpp;/home/chris/OBZen-zhanghao-2024/src/oblsm/util/ob_bloomfilter.cpp;/home/chris/OBZen-zhanghao-2024/src/oblsm/util/ob_comparator.cpp;/home/chris/OBZen-zhanghao-2024/src/oblsm/util/ob_file_reader.cpp;/home/chris/OBZen-zhanghao-2024/src/oblsm/util/ob_file_writer.cpp;/home/chris/OBZen-zhanghao-2024/src/oblsm/util/ob_lru_cache.cpp;/home/chris/OBZen-zhanghao-2024/src/oblsm/wal/ob_lsm_wal.cpp
 -Wall -Werror -Wno-error=sign-compare -DDEBUG -g -O0 -fno-omit-frame-pointer -fsanitize=address -fsanitize-address-use-after-scope
Build bitmap_test according to /home/chris/OBZen-zhanghao-2024/unittest/common/bitmap_test.cpp
Build integer_generator_test according to /home/chris/OBZen-zhanghao-2024/unittest/common/integer_generator_test.cpp
Build log_test according to /home/chris/OBZen-zhanghao-2024/unittest/common/log_test.cpp
Build lower_bound_test according to /home/chris/OBZen-zhanghao-2024/unittest/common/lower_bound_test.cpp
Build md5_test according to /home/chris/OBZen-zhanghao-2024/unittest/common/md5_test.cpp
Build mem_pool_test according to /home/chris/OBZen-zhanghao-2024/unittest/common/mem_pool_test.cpp
Build pidfile_test according to /home/chris/OBZen-zhanghao-2024/unittest/common/pidfile_test.cpp
Build serializer_test according to /home/chris/OBZen-zhanghao-2024/unittest/common/serializer_test.cpp
Build simple_queue_test according to /home/chris/OBZen-zhanghao-2024/unittest/common/simple_queue_test.cpp
Build thread_pool_executor_test according to /home/chris/OBZen-zhanghao-2024/unittest/common/thread_pool_executor_test.cpp
Build ob_arena_test according to /home/chris/OBZen-zhanghao-2024/unittest/oblsm/ob_arena_test.cpp
Build ob_block_test according to /home/chris/OBZen-zhanghao-2024/unittest/oblsm/ob_block_test.cpp
Build ob_bloomfilter_test according to /home/chris/OBZen-zhanghao-2024/unittest/oblsm/ob_bloomfilter_test.cpp
Build ob_compaction_test according to /home/chris/OBZen-zhanghao-2024/unittest/oblsm/ob_compaction_test.cpp
Build ob_lru_cache_test according to /home/chris/OBZen-zhanghao-2024/unittest/oblsm/ob_lru_cache_test.cpp
Build ob_lsm_manifest_test according to /home/chris/OBZen-zhanghao-2024/unittest/oblsm/ob_lsm_manifest_test.cpp
Build ob_lsm_test according to /home/chris/OBZen-zhanghao-2024/unittest/oblsm/ob_lsm_test.cpp
Build ob_lsm_transaction_test according to /home/chris/OBZen-zhanghao-2024/unittest/oblsm/ob_lsm_transaction_test.cpp
Build ob_lsm_wal_test according to /home/chris/OBZen-zhanghao-2024/unittest/oblsm/ob_lsm_wal_test.cpp
Build ob_skiplist_test according to /home/chris/OBZen-zhanghao-2024/unittest/oblsm/ob_skiplist_test.cpp
Build ob_table_test according to /home/chris/OBZen-zhanghao-2024/unittest/oblsm/ob_table_test.cpp
Build ob_util_test according to /home/chris/OBZen-zhanghao-2024/unittest/oblsm/ob_util_test.cpp
Build aggregate_hash_table_test according to /home/chris/OBZen-zhanghao-2024/unittest/observer/aggregate_hash_table_test.cpp
Build arithmetic_operator_test according to /home/chris/OBZen-zhanghao-2024/unittest/observer/arithmetic_operator_test.cpp
Build bp_manager_test according to /home/chris/OBZen-zhanghao-2024/unittest/observer/bp_manager_test.cpp
Build bplus_tree_log_entry_test according to /home/chris/OBZen-zhanghao-2024/unittest/observer/bplus_tree_log_entry_test.cpp
Build bplus_tree_log_test according to /home/chris/OBZen-zhanghao-2024/unittest/observer/bplus_tree_log_test.cpp
Build bplus_tree_test according to /home/chris/OBZen-zhanghao-2024/unittest/observer/bplus_tree_test.cpp
Build buffer_pool_log_test according to /home/chris/OBZen-zhanghao-2024/unittest/observer/buffer_pool_log_test.cpp
Build catalog_test according to /home/chris/OBZen-zhanghao-2024/unittest/observer/catalog_test.cpp
Build chunk_test according to /home/chris/OBZen-zhanghao-2024/unittest/observer/chunk_test.cpp
Build codec_test according to /home/chris/OBZen-zhanghao-2024/unittest/observer/codec_test.cpp
Build composite_tuple_test according to /home/chris/OBZen-zhanghao-2024/unittest/observer/composite_tuple_test.cpp
Build disk_buffer_pool_test according to /home/chris/OBZen-zhanghao-2024/unittest/observer/disk_buffer_pool_test.cpp
Build disk_log_handler_test according to /home/chris/OBZen-zhanghao-2024/unittest/observer/disk_log_handler_test.cpp
Build double_write_buffer_test according to /home/chris/OBZen-zhanghao-2024/unittest/observer/double_write_buffer_test.cpp
Build expression_test according to /home/chris/OBZen-zhanghao-2024/unittest/observer/expression_test.cpp
Build log_buffer_test according to /home/chris/OBZen-zhanghao-2024/unittest/observer/log_buffer_test.cpp
Build log_entry_test according to /home/chris/OBZen-zhanghao-2024/unittest/observer/log_entry_test.cpp
Build log_file_test according to /home/chris/OBZen-zhanghao-2024/unittest/observer/log_file_test.cpp
Build mvcc_trx_log_test according to /home/chris/OBZen-zhanghao-2024/unittest/observer/mvcc_trx_log_test.cpp
Build parser_test according to /home/chris/OBZen-zhanghao-2024/unittest/observer/parser_test.cpp
Build pax_storage_test according to /home/chris/OBZen-zhanghao-2024/unittest/observer/pax_storage_test.cpp
Build persist_test according to /home/chris/OBZen-zhanghao-2024/unittest/observer/persist_test.cpp
Build record_manager_test according to /home/chris/OBZen-zhanghao-2024/unittest/observer/record_manager_test.cpp
Build ring_buffer_test according to /home/chris/OBZen-zhanghao-2024/unittest/observer/ring_buffer_test.cpp
-- Configuring done (0.0s)
-- Generating done (0.1s)
-- Build files have been written to: /home/chris/OBZen-zhanghao-2024/build_debug
[  9%] Built target common
[ 15%] Built target oblsm
[ 15%] [BISON][yacc] Building parser with bison 3.8.2
/home/chris/OBZen-zhanghao-2024/src/observer/sql/parser/yacc_sql.y:686.7-16: warning: unused value: $1 [-Wother]
  686 |     | expression comp_op expression 
      |       ^~~~~~~~~~
/home/chris/OBZen-zhanghao-2024/src/observer/sql/parser/yacc_sql.y:686.26-35: warning: unused value: $3 [-Wother]
  686 |     | expression comp_op expression 
      |                          ^~~~~~~~~~
/home/chris/OBZen-zhanghao-2024/src/observer/sql/parser/yacc_sql.y: warning: 48 shift/reduce conflicts [-Wconflicts-sr]
/home/chris/OBZen-zhanghao-2024/src/observer/sql/parser/yacc_sql.y: note: rerun with option '-Wcounterexamples' to generate conflict counterexamples
[ 16%] Building CXX object src/observer/CMakeFiles/observer_static.dir/sql/parser/lex_sql.cpp.o
[ 16%] Building CXX object src/observer/CMakeFiles/observer_static.dir/sql/parser/yacc_sql.cpp.o
[ 16%] Linking CXX static library ../../lib/libobserver.a
[ 64%] Built target observer_static
[ 65%] Linking CXX executable ../../bin/observer
[ 65%] Built target observer
[ 66%] Built target obclient
[ 67%] Built target oblsm_cli
[ 67%] Built target oblsm_bench
[ 68%] Built target cas
[ 69%] Built target condition_variable
[ 70%] Built target lambda
[ 70%] Built target lock
[ 71%] Built target mutex
[ 72%] Built target smart_pointer
[ 73%] Built target template
[ 73%] Built target stl
[ 74%] Linking CXX executable ../bin/clog_dump
[ 74%] Built target clog_dump
[ 74%] Built target bitmap_test
[ 75%] Built target integer_generator_test
[ 76%] Built target log_test
[ 76%] Built target lower_bound_test
[ 77%] Built target md5_test
[ 77%] Built target mem_pool_test
[ 78%] Built target pidfile_test
[ 78%] Built target serializer_test
[ 79%] Built target simple_queue_test
[ 80%] Built target thread_pool_executor_test
[ 80%] Built target ob_arena_test
[ 81%] Built target ob_block_test
[ 82%] Built target ob_bloomfilter_test
[ 82%] Built target ob_compaction_test
[ 83%] Built target ob_lru_cache_test
[ 83%] Built target ob_lsm_manifest_test
[ 84%] Built target ob_lsm_test
[ 85%] Built target ob_lsm_transaction_test
[ 85%] Built target ob_lsm_wal_test
[ 86%] Built target ob_skiplist_test
[ 86%] Built target ob_table_test
[ 87%] Built target ob_util_test
[ 87%] Linking CXX executable ../aggregate_hash_table_test
[ 87%] Built target aggregate_hash_table_test
[ 88%] Linking CXX executable ../arithmetic_operator_test
[ 88%] Built target arithmetic_operator_test
[ 88%] Linking CXX executable ../bp_manager_test
[ 89%] Built target bp_manager_test
[ 90%] Linking CXX executable ../bplus_tree_log_entry_test
[ 90%] Built target bplus_tree_log_entry_test
[ 90%] Linking CXX executable ../bplus_tree_log_test
[ 90%] Built target bplus_tree_log_test
[ 91%] Linking CXX executable ../bplus_tree_test
[ 91%] Built target bplus_tree_test
[ 91%] Linking CXX executable ../buffer_pool_log_test
[ 91%] Built target buffer_pool_log_test
[ 92%] Linking CXX executable ../catalog_test
[ 92%] Built target catalog_test
[ 92%] Linking CXX executable ../chunk_test
[ 92%] Built target chunk_test
[ 92%] Linking CXX executable ../codec_test
[ 92%] Built target codec_test
[ 92%] Linking CXX executable ../composite_tuple_test
[ 92%] Built target composite_tuple_test
[ 93%] Linking CXX executable ../disk_buffer_pool_test
[ 93%] Built target disk_buffer_pool_test
[ 93%] Linking CXX executable ../disk_log_handler_test
[ 93%] Built target disk_log_handler_test
[ 93%] Linking CXX executable ../double_write_buffer_test
[ 94%] Built target double_write_buffer_test
[ 94%] Linking CXX executable ../expression_test
[ 94%] Built target expression_test
[ 94%] Linking CXX executable ../log_buffer_test
[ 95%] Built target log_buffer_test
[ 95%] Linking CXX executable ../log_entry_test
[ 95%] Built target log_entry_test
[ 95%] Linking CXX executable ../log_file_test
[ 96%] Built target log_file_test
[ 97%] Linking CXX executable ../mvcc_trx_log_test
[ 97%] Built target mvcc_trx_log_test
[ 97%] Linking CXX executable ../parser_test
[ 98%] Built target parser_test
[ 98%] Linking CXX executable ../pax_storage_test
[ 98%] Built target pax_storage_test
[ 98%] Linking CXX executable ../persist_test
[ 99%] Built target persist_test
[ 99%] Linking CXX executable ../record_manager_test
[ 99%] Built target record_manager_test
[ 99%] Linking CXX executable ../ring_buffer_test
[100%] Built target ring_buffer_test
