终端机在文法中未使用

    ORDER
    ASC


由于冲突，解析器中的规则不起作用

   48 nullable_spec: ε


状态 112 冲突：1 项偏移/归约
状态 130 冲突：1 项偏移/归约
状态 132 冲突：8 项偏移/归约
状态 188 冲突：2 项归约/归约
状态 267 冲突：2 项归约/归约


语法

    0 $accept: commands $end

    1 commands: command_wrapper opt_semicolon

    2 command_wrapper: calc_stmt
    3                | select_stmt
    4                | insert_stmt
    5                | update_stmt
    6                | delete_stmt
    7                | create_table_stmt
    8                | drop_table_stmt
    9                | analyze_table_stmt
   10                | show_tables_stmt
   11                | show_index_stmt
   12                | desc_table_stmt
   13                | create_index_stmt
   14                | drop_index_stmt
   15                | sync_stmt
   16                | begin_stmt
   17                | commit_stmt
   18                | rollback_stmt
   19                | load_data_stmt
   20                | explain_stmt
   21                | set_variable_stmt
   22                | help_stmt
   23                | exit_stmt

   24 exit_stmt: EXIT

   25 help_stmt: HELP

   26 sync_stmt: SYNC

   27 begin_stmt: TRX_BEGIN

   28 commit_stmt: TRX_COMMIT

   29 rollback_stmt: TRX_ROLLBACK

   30 drop_table_stmt: DROP TABLE ID

   31 analyze_table_stmt: ANALYZE TABLE ID

   32 show_tables_stmt: SHOW TABLES

   33 desc_table_stmt: DESC ID

   34 create_index_stmt: CREATE INDEX ID ON ID LBRACE attribute_name_list RBRACE
   35                  | CREATE UNIQUE INDEX ID ON ID LBRACE attribute_name_list RBRACE

   36 attribute_name_list: ID
   37                    | attribute_name_list COMMA ID

   38 drop_index_stmt: DROP INDEX ID ON ID

   39 show_index_stmt: SHOW INDEX FROM ID

   40 create_table_stmt: CREATE TABLE ID LBRACE attr_def_list primary_key RBRACE storage_format

   41 attr_def_list: attr_def
   42              | attr_def_list COMMA attr_def

   43 attr_def: ID type LBRACE number RBRACE nullable_spec
   44         | ID type nullable_spec
   45         | ID type LBRACE number RBRACE
   46         | ID type

   47 nullable_spec: NOT NULL_T
   48              | ε

   49 number: NUMBER

   50 type: INT_T
   51     | STRING_T
   52     | FLOAT_T
   53     | VECTOR_T
   54     | DATE_T

   55 primary_key: ε
   56            | COMMA PRIMARY KEY LBRACE attr_list RBRACE

   57 attr_list: ID
   58          | ID COMMA attr_list

   59 insert_stmt: INSERT INTO ID VALUES LBRACE value_list RBRACE

   60 value_list: value
   61           | value_list COMMA value

   62 value: NUMBER
   63      | FLOAT
   64      | SSS
   65      | NULL_T

   66 storage_format: ε
   67               | STORAGE FORMAT EQ ID

   68 delete_stmt: DELETE FROM ID where

   69 update_stmt: UPDATE ID SET update_list where

   70 update_list: ID EQ expression
   71            | update_list COMMA ID EQ expression

   72 select_stmt: SELECT expression_list FROM rel_list where group_by having
   73            | SELECT expression_list WHERE condition_list
   74            | SELECT expression_list FROM relation INNER JOIN relation ON condition
   75            | SELECT expression_list

   76 calc_stmt: CALC expression_list

   77 expression_list: expression
   78                | expression COMMA expression_list

   79 expression: expression '+' expression
   80           | expression '-' expression
   81           | expression '*' expression
   82           | expression '/' expression
   83           | LBRACE expression RBRACE
   84           | '-' expression
   85           | value
   86           | rel_attr
   87           | '*'
   88           | COUNT LBRACE '*' RBRACE
   89           | COUNT LBRACE expression RBRACE
   90           | SUM LBRACE expression RBRACE
   91           | AVG LBRACE expression RBRACE
   92           | MAX LBRACE expression RBRACE
   93           | MIN LBRACE expression RBRACE

   94 rel_attr: ID
   95         | ID DOT ID

   96 relation: ID

   97 rel_list: relation
   98         | relation COMMA rel_list

   99 where: ε
  100      | WHERE condition_list

  101 having: ε
  102       | HAVING condition_list

  103 condition_list: ε
  104               | condition
  105               | condition AND condition_list

  106 condition: rel_attr comp_op value
  107          | expression comp_op expression
  108          | expression IS NULL_T
  109          | expression IS NOT NULL_T
  110          | expression
  111          | rel_attr IN LBRACE value_list RBRACE
  112          | rel_attr NOT IN LBRACE value_list RBRACE
  113          | value IN LBRACE value_list RBRACE
  114          | value NOT IN LBRACE value_list RBRACE
  115          | rel_attr IN LBRACE select_stmt RBRACE
  116          | rel_attr NOT IN LBRACE select_stmt RBRACE
  117          | EXISTS LBRACE select_stmt RBRACE
  118          | NOT EXISTS LBRACE select_stmt RBRACE
  119          | LBRACE select_stmt RBRACE comp_op rel_attr
  120          | rel_attr comp_op LBRACE select_stmt RBRACE

  121 comp_op: EQ
  122        | LT
  123        | GT
  124        | LE
  125        | GE
  126        | NE
  127        | LIKE
  128        | NOT LIKE

  129 group_by: ε
  130         | GROUP BY expression_list

  131 load_data_stmt: LOAD DATA INFILE SSS INTO TABLE ID

  132 explain_stmt: EXPLAIN command_wrapper

  133 set_variable_stmt: SET ID EQ value

  134 opt_semicolon: ε
  135              | SEMICOLON


终结语词，附有它们出现处的规则

    $end (0) 0
    '*' (42) 81 87 88
    '+' (43) 79
    '-' (45) 80 84
    '/' (47) 82
    error (256)
    SEMICOLON (258) 135
    BY (259) 130
    ORDER (260)
    ASC (261)
    CREATE (262) 34 35 40
    DROP (263) 30 38
    GROUP (264) 130
    HAVING (265) 102
    TABLE (266) 30 31 40 131
    TABLES (267) 32
    INDEX (268) 34 35 38 39
    UNIQUE (269) 35
    CALC (270) 76
    SELECT (271) 72 73 74 75
    DESC (272) 33
    SHOW (273) 32 39
    SYNC (274) 26
    INSERT (275) 59
    DELETE (276) 68
    UPDATE (277) 69
    LBRACE (278) 34 35 40 43 45 56 59 83 88 89 90 91 92 93 111 112 113 114 115 116 117 118 119 120
    RBRACE (279) 34 35 40 43 45 56 59 83 88 89 90 91 92 93 111 112 113 114 115 116 117 118 119 120
    COMMA (280) 37 42 56 58 61 71 78 98
    TRX_BEGIN (281) 27
    TRX_COMMIT (282) 28
    TRX_ROLLBACK (283) 29
    INT_T (284) 50
    STRING_T (285) 51
    FLOAT_T (286) 52
    DATE_T (287) 54
    NULL_T (288) 47 65 108 109
    NOT (289) 47 109 112 114 116 118 128
    IS (290) 108 109
    VECTOR_T (291) 53
    HELP (292) 25
    EXIT (293) 24
    DOT (294) 95
    INTO (295) 59 131
    VALUES (296) 59
    FROM (297) 39 68 72 74
    WHERE (298) 73 100
    AND (299) 105
    SET (300) 69 133
    ON (301) 34 35 38 74
    LOAD (302) 131
    DATA (303) 131
    INFILE (304) 131
    EXPLAIN (305) 132
    STORAGE (306) 67
    FORMAT (307) 67
    PRIMARY (308) 56
    KEY (309) 56
    ANALYZE (310) 31
    COUNT (311) 88 89
    SUM (312) 90
    AVG (313) 91
    MAX (314) 92
    MIN (315) 93
    IN (316) 111 112 113 114 115 116
    LIKE (317) 127 128
    EXISTS (318) 117 118
    INNER (319) 74
    JOIN (320) 74
    NUMBER <number> (321) 49 62
    FLOAT <floats> (322) 63
    ID <cstring> (323) 30 31 33 34 35 36 37 38 39 40 43 44 45 46 57 58 59 67 68 69 70 71 94 95 96 131 133
    SSS <cstring> (324) 64 131
    UMINUS (325)
    EQ (326) 67 70 71 121 133
    NE (327) 126
    LT (328) 122
    LE (329) 124
    GT (330) 123
    GE (331) 125


非终结语词，附有它们出现处的规则

    $accept (81)
        on left: 0
    commands <sql_node> (82)
        on left: 1
        on right: 0
    command_wrapper <sql_node> (83)
        on left: 2 3 4 5 6 7 8 9 10 11 12 13 14 15 16 17 18 19 20 21 22 23
        on right: 1 132
    exit_stmt <sql_node> (84)
        on left: 24
        on right: 23
    help_stmt <sql_node> (85)
        on left: 25
        on right: 22
    sync_stmt <sql_node> (86)
        on left: 26
        on right: 15
    begin_stmt <sql_node> (87)
        on left: 27
        on right: 16
    commit_stmt <sql_node> (88)
        on left: 28
        on right: 17
    rollback_stmt <sql_node> (89)
        on left: 29
        on right: 18
    drop_table_stmt <sql_node> (90)
        on left: 30
        on right: 8
    analyze_table_stmt <sql_node> (91)
        on left: 31
        on right: 9
    show_tables_stmt <sql_node> (92)
        on left: 32
        on right: 10
    desc_table_stmt <sql_node> (93)
        on left: 33
        on right: 12
    create_index_stmt <sql_node> (94)
        on left: 34 35
        on right: 13
    attribute_name_list <key_list> (95)
        on left: 36 37
        on right: 34 35 37
    drop_index_stmt <sql_node> (96)
        on left: 38
        on right: 14
    show_index_stmt <sql_node> (97)
        on left: 39
        on right: 11
    create_table_stmt <sql_node> (98)
        on left: 40
        on right: 7
    attr_def_list <attr_infos> (99)
        on left: 41 42
        on right: 40 42
    attr_def <attr_info> (100)
        on left: 43 44 45 46
        on right: 41 42
    nullable_spec <number> (101)
        on left: 47 48
        on right: 43 44
    number <number> (102)
        on left: 49
        on right: 43 45
    type <number> (103)
        on left: 50 51 52 53 54
        on right: 43 44 45 46
    primary_key <key_list> (104)
        on left: 55 56
        on right: 40
    attr_list <key_list> (105)
        on left: 57 58
        on right: 56 58
    insert_stmt <sql_node> (106)
        on left: 59
        on right: 4
    value_list <value_list> (107)
        on left: 60 61
        on right: 59 61 111 112 113 114
    value <value> (108)
        on left: 62 63 64 65
        on right: 60 61 85 106 113 114 133
    storage_format <cstring> (109)
        on left: 66 67
        on right: 40
    delete_stmt <sql_node> (110)
        on left: 68
        on right: 6
    update_stmt <sql_node> (111)
        on left: 69
        on right: 5
    update_list <update_list> (112)
        on left: 70 71
        on right: 69 71
    select_stmt <sql_node> (113)
        on left: 72 73 74 75
        on right: 3 115 116 117 118 119 120
    calc_stmt <sql_node> (114)
        on left: 76
        on right: 2
    expression_list <expression_list> (115)
        on left: 77 78
        on right: 72 73 74 75 76 78 130
    expression <expression> (116)
        on left: 79 80 81 82 83 84 85 86 87 88 89 90 91 92 93
        on right: 70 71 77 78 79 80 81 82 83 84 89 90 91 92 93 107 108 109 110
    rel_attr <rel_attr> (117)
        on left: 94 95
        on right: 86 106 111 112 115 116 119 120
    relation <cstring> (118)
        on left: 96
        on right: 74 97 98
    rel_list <relation_list> (119)
        on left: 97 98
        on right: 72 98
    where <condition_list> (120)
        on left: 99 100
        on right: 68 69 72
    having <condition_list> (121)
        on left: 101 102
        on right: 72
    condition_list <condition_list> (122)
        on left: 103 104 105
        on right: 73 100 102 105
    condition <condition> (123)
        on left: 106 107 108 109 110 111 112 113 114 115 116 117 118 119 120
        on right: 74 104 105
    comp_op <comp> (124)
        on left: 121 122 123 124 125 126 127 128
        on right: 106 107 119 120
    group_by <expression_list> (125)
        on left: 129 130
        on right: 72
    load_data_stmt <sql_node> (126)
        on left: 131
        on right: 19
    explain_stmt <sql_node> (127)
        on left: 132
        on right: 20
    set_variable_stmt <sql_node> (128)
        on left: 133
        on right: 21
    opt_semicolon (129)
        on left: 134 135
        on right: 1


状态 0

    0 $accept: • commands $end

    CREATE        偏移，并进入状态 1
    DROP          偏移，并进入状态 2
    CALC          偏移，并进入状态 3
    SELECT        偏移，并进入状态 4
    DESC          偏移，并进入状态 5
    SHOW          偏移，并进入状态 6
    SYNC          偏移，并进入状态 7
    INSERT        偏移，并进入状态 8
    DELETE        偏移，并进入状态 9
    UPDATE        偏移，并进入状态 10
    TRX_BEGIN     偏移，并进入状态 11
    TRX_COMMIT    偏移，并进入状态 12
    TRX_ROLLBACK  偏移，并进入状态 13
    HELP          偏移，并进入状态 14
    EXIT          偏移，并进入状态 15
    SET           偏移，并进入状态 16
    LOAD          偏移，并进入状态 17
    EXPLAIN       偏移，并进入状态 18
    ANALYZE       偏移，并进入状态 19

    commands            转到状态 20
    command_wrapper     转到状态 21
    exit_stmt           转到状态 22
    help_stmt           转到状态 23
    sync_stmt           转到状态 24
    begin_stmt          转到状态 25
    commit_stmt         转到状态 26
    rollback_stmt       转到状态 27
    drop_table_stmt     转到状态 28
    analyze_table_stmt  转到状态 29
    show_tables_stmt    转到状态 30
    desc_table_stmt     转到状态 31
    create_index_stmt   转到状态 32
    drop_index_stmt     转到状态 33
    show_index_stmt     转到状态 34
    create_table_stmt   转到状态 35
    insert_stmt         转到状态 36
    delete_stmt         转到状态 37
    update_stmt         转到状态 38
    select_stmt         转到状态 39
    calc_stmt           转到状态 40
    load_data_stmt      转到状态 41
    explain_stmt        转到状态 42
    set_variable_stmt   转到状态 43


状态 1

   34 create_index_stmt: CREATE • INDEX ID ON ID LBRACE attribute_name_list RBRACE
   35                  | CREATE • UNIQUE INDEX ID ON ID LBRACE attribute_name_list RBRACE
   40 create_table_stmt: CREATE • TABLE ID LBRACE attr_def_list primary_key RBRACE storage_format

    TABLE   偏移，并进入状态 44
    INDEX   偏移，并进入状态 45
    UNIQUE  偏移，并进入状态 46


状态 2

   30 drop_table_stmt: DROP • TABLE ID
   38 drop_index_stmt: DROP • INDEX ID ON ID

    TABLE  偏移，并进入状态 47
    INDEX  偏移，并进入状态 48


状态 3

   76 calc_stmt: CALC • expression_list

    LBRACE  偏移，并进入状态 49
    NULL_T  偏移，并进入状态 50
    COUNT   偏移，并进入状态 51
    SUM     偏移，并进入状态 52
    AVG     偏移，并进入状态 53
    MAX     偏移，并进入状态 54
    MIN     偏移，并进入状态 55
    NUMBER  偏移，并进入状态 56
    FLOAT   偏移，并进入状态 57
    ID      偏移，并进入状态 58
    SSS     偏移，并进入状态 59
    '-'     偏移，并进入状态 60
    '*'     偏移，并进入状态 61

    value            转到状态 62
    expression_list  转到状态 63
    expression       转到状态 64
    rel_attr         转到状态 65


状态 4

   72 select_stmt: SELECT • expression_list FROM rel_list where group_by having
   73            | SELECT • expression_list WHERE condition_list
   74            | SELECT • expression_list FROM relation INNER JOIN relation ON condition
   75            | SELECT • expression_list

    LBRACE  偏移，并进入状态 49
    NULL_T  偏移，并进入状态 50
    COUNT   偏移，并进入状态 51
    SUM     偏移，并进入状态 52
    AVG     偏移，并进入状态 53
    MAX     偏移，并进入状态 54
    MIN     偏移，并进入状态 55
    NUMBER  偏移，并进入状态 56
    FLOAT   偏移，并进入状态 57
    ID      偏移，并进入状态 58
    SSS     偏移，并进入状态 59
    '-'     偏移，并进入状态 60
    '*'     偏移，并进入状态 61

    value            转到状态 62
    expression_list  转到状态 66
    expression       转到状态 64
    rel_attr         转到状态 65


状态 5

   33 desc_table_stmt: DESC • ID

    ID  偏移，并进入状态 67


状态 6

   32 show_tables_stmt: SHOW • TABLES
   39 show_index_stmt: SHOW • INDEX FROM ID

    TABLES  偏移，并进入状态 68
    INDEX   偏移，并进入状态 69


状态 7

   26 sync_stmt: SYNC •

    $default  使用规则 26 以归约 (sync_stmt)


状态 8

   59 insert_stmt: INSERT • INTO ID VALUES LBRACE value_list RBRACE

    INTO  偏移，并进入状态 70


状态 9

   68 delete_stmt: DELETE • FROM ID where

    FROM  偏移，并进入状态 71


状态 10

   69 update_stmt: UPDATE • ID SET update_list where

    ID  偏移，并进入状态 72


状态 11

   27 begin_stmt: TRX_BEGIN •

    $default  使用规则 27 以归约 (begin_stmt)


状态 12

   28 commit_stmt: TRX_COMMIT •

    $default  使用规则 28 以归约 (commit_stmt)


状态 13

   29 rollback_stmt: TRX_ROLLBACK •

    $default  使用规则 29 以归约 (rollback_stmt)


状态 14

   25 help_stmt: HELP •

    $default  使用规则 25 以归约 (help_stmt)


状态 15

   24 exit_stmt: EXIT •

    $default  使用规则 24 以归约 (exit_stmt)


状态 16

  133 set_variable_stmt: SET • ID EQ value

    ID  偏移，并进入状态 73


状态 17

  131 load_data_stmt: LOAD • DATA INFILE SSS INTO TABLE ID

    DATA  偏移，并进入状态 74


状态 18

  132 explain_stmt: EXPLAIN • command_wrapper

    CREATE        偏移，并进入状态 1
    DROP          偏移，并进入状态 2
    CALC          偏移，并进入状态 3
    SELECT        偏移，并进入状态 4
    DESC          偏移，并进入状态 5
    SHOW          偏移，并进入状态 6
    SYNC          偏移，并进入状态 7
    INSERT        偏移，并进入状态 8
    DELETE        偏移，并进入状态 9
    UPDATE        偏移，并进入状态 10
    TRX_BEGIN     偏移，并进入状态 11
    TRX_COMMIT    偏移，并进入状态 12
    TRX_ROLLBACK  偏移，并进入状态 13
    HELP          偏移，并进入状态 14
    EXIT          偏移，并进入状态 15
    SET           偏移，并进入状态 16
    LOAD          偏移，并进入状态 17
    EXPLAIN       偏移，并进入状态 18
    ANALYZE       偏移，并进入状态 19

    command_wrapper     转到状态 75
    exit_stmt           转到状态 22
    help_stmt           转到状态 23
    sync_stmt           转到状态 24
    begin_stmt          转到状态 25
    commit_stmt         转到状态 26
    rollback_stmt       转到状态 27
    drop_table_stmt     转到状态 28
    analyze_table_stmt  转到状态 29
    show_tables_stmt    转到状态 30
    desc_table_stmt     转到状态 31
    create_index_stmt   转到状态 32
    drop_index_stmt     转到状态 33
    show_index_stmt     转到状态 34
    create_table_stmt   转到状态 35
    insert_stmt         转到状态 36
    delete_stmt         转到状态 37
    update_stmt         转到状态 38
    select_stmt         转到状态 39
    calc_stmt           转到状态 40
    load_data_stmt      转到状态 41
    explain_stmt        转到状态 42
    set_variable_stmt   转到状态 43


状态 19

   31 analyze_table_stmt: ANALYZE • TABLE ID

    TABLE  偏移，并进入状态 76


状态 20

    0 $accept: commands • $end

    $end  偏移，并进入状态 77


状态 21

    1 commands: command_wrapper • opt_semicolon

    SEMICOLON  偏移，并进入状态 78

    $default  使用规则 134 以归约 (opt_semicolon)

    opt_semicolon  转到状态 79


状态 22

   23 command_wrapper: exit_stmt •

    $default  使用规则 23 以归约 (command_wrapper)


状态 23

   22 command_wrapper: help_stmt •

    $default  使用规则 22 以归约 (command_wrapper)


状态 24

   15 command_wrapper: sync_stmt •

    $default  使用规则 15 以归约 (command_wrapper)


状态 25

   16 command_wrapper: begin_stmt •

    $default  使用规则 16 以归约 (command_wrapper)


状态 26

   17 command_wrapper: commit_stmt •

    $default  使用规则 17 以归约 (command_wrapper)


状态 27

   18 command_wrapper: rollback_stmt •

    $default  使用规则 18 以归约 (command_wrapper)


状态 28

    8 command_wrapper: drop_table_stmt •

    $default  使用规则 8 以归约 (command_wrapper)


状态 29

    9 command_wrapper: analyze_table_stmt •

    $default  使用规则 9 以归约 (command_wrapper)


状态 30

   10 command_wrapper: show_tables_stmt •

    $default  使用规则 10 以归约 (command_wrapper)


状态 31

   12 command_wrapper: desc_table_stmt •

    $default  使用规则 12 以归约 (command_wrapper)


状态 32

   13 command_wrapper: create_index_stmt •

    $default  使用规则 13 以归约 (command_wrapper)


状态 33

   14 command_wrapper: drop_index_stmt •

    $default  使用规则 14 以归约 (command_wrapper)


状态 34

   11 command_wrapper: show_index_stmt •

    $default  使用规则 11 以归约 (command_wrapper)


状态 35

    7 command_wrapper: create_table_stmt •

    $default  使用规则 7 以归约 (command_wrapper)


状态 36

    4 command_wrapper: insert_stmt •

    $default  使用规则 4 以归约 (command_wrapper)


状态 37

    6 command_wrapper: delete_stmt •

    $default  使用规则 6 以归约 (command_wrapper)


状态 38

    5 command_wrapper: update_stmt •

    $default  使用规则 5 以归约 (command_wrapper)


状态 39

    3 command_wrapper: select_stmt •

    $default  使用规则 3 以归约 (command_wrapper)


状态 40

    2 command_wrapper: calc_stmt •

    $default  使用规则 2 以归约 (command_wrapper)


状态 41

   19 command_wrapper: load_data_stmt •

    $default  使用规则 19 以归约 (command_wrapper)


状态 42

   20 command_wrapper: explain_stmt •

    $default  使用规则 20 以归约 (command_wrapper)


状态 43

   21 command_wrapper: set_variable_stmt •

    $default  使用规则 21 以归约 (command_wrapper)


状态 44

   40 create_table_stmt: CREATE TABLE • ID LBRACE attr_def_list primary_key RBRACE storage_format

    ID  偏移，并进入状态 80


状态 45

   34 create_index_stmt: CREATE INDEX • ID ON ID LBRACE attribute_name_list RBRACE

    ID  偏移，并进入状态 81


状态 46

   35 create_index_stmt: CREATE UNIQUE • INDEX ID ON ID LBRACE attribute_name_list RBRACE

    INDEX  偏移，并进入状态 82


状态 47

   30 drop_table_stmt: DROP TABLE • ID

    ID  偏移，并进入状态 83


状态 48

   38 drop_index_stmt: DROP INDEX • ID ON ID

    ID  偏移，并进入状态 84


状态 49

   83 expression: LBRACE • expression RBRACE

    LBRACE  偏移，并进入状态 49
    NULL_T  偏移，并进入状态 50
    COUNT   偏移，并进入状态 51
    SUM     偏移，并进入状态 52
    AVG     偏移，并进入状态 53
    MAX     偏移，并进入状态 54
    MIN     偏移，并进入状态 55
    NUMBER  偏移，并进入状态 56
    FLOAT   偏移，并进入状态 57
    ID      偏移，并进入状态 58
    SSS     偏移，并进入状态 59
    '-'     偏移，并进入状态 60
    '*'     偏移，并进入状态 61

    value       转到状态 62
    expression  转到状态 85
    rel_attr    转到状态 65


状态 50

   65 value: NULL_T •

    $default  使用规则 65 以归约 (value)


状态 51

   88 expression: COUNT • LBRACE '*' RBRACE
   89           | COUNT • LBRACE expression RBRACE

    LBRACE  偏移，并进入状态 86


状态 52

   90 expression: SUM • LBRACE expression RBRACE

    LBRACE  偏移，并进入状态 87


状态 53

   91 expression: AVG • LBRACE expression RBRACE

    LBRACE  偏移，并进入状态 88


状态 54

   92 expression: MAX • LBRACE expression RBRACE

    LBRACE  偏移，并进入状态 89


状态 55

   93 expression: MIN • LBRACE expression RBRACE

    LBRACE  偏移，并进入状态 90


状态 56

   62 value: NUMBER •

    $default  使用规则 62 以归约 (value)


状态 57

   63 value: FLOAT •

    $default  使用规则 63 以归约 (value)


状态 58

   94 rel_attr: ID •
   95         | ID • DOT ID

    DOT  偏移，并进入状态 91

    $default  使用规则 94 以归约 (rel_attr)


状态 59

   64 value: SSS •

    $default  使用规则 64 以归约 (value)


状态 60

   84 expression: '-' • expression

    LBRACE  偏移，并进入状态 49
    NULL_T  偏移，并进入状态 50
    COUNT   偏移，并进入状态 51
    SUM     偏移，并进入状态 52
    AVG     偏移，并进入状态 53
    MAX     偏移，并进入状态 54
    MIN     偏移，并进入状态 55
    NUMBER  偏移，并进入状态 56
    FLOAT   偏移，并进入状态 57
    ID      偏移，并进入状态 58
    SSS     偏移，并进入状态 59
    '-'     偏移，并进入状态 60
    '*'     偏移，并进入状态 61

    value       转到状态 62
    expression  转到状态 92
    rel_attr    转到状态 65


状态 61

   87 expression: '*' •

    $default  使用规则 87 以归约 (expression)


状态 62

   85 expression: value •

    $default  使用规则 85 以归约 (expression)


状态 63

   76 calc_stmt: CALC expression_list •

    $default  使用规则 76 以归约 (calc_stmt)


状态 64

   77 expression_list: expression •
   78                | expression • COMMA expression_list
   79 expression: expression • '+' expression
   80           | expression • '-' expression
   81           | expression • '*' expression
   82           | expression • '/' expression

    COMMA  偏移，并进入状态 93
    '+'    偏移，并进入状态 94
    '-'    偏移，并进入状态 95
    '*'    偏移，并进入状态 96
    '/'    偏移，并进入状态 97

    $default  使用规则 77 以归约 (expression_list)


状态 65

   86 expression: rel_attr •

    $default  使用规则 86 以归约 (expression)


状态 66

   72 select_stmt: SELECT expression_list • FROM rel_list where group_by having
   73            | SELECT expression_list • WHERE condition_list
   74            | SELECT expression_list • FROM relation INNER JOIN relation ON condition
   75            | SELECT expression_list •

    FROM   偏移，并进入状态 98
    WHERE  偏移，并进入状态 99

    $default  使用规则 75 以归约 (select_stmt)


状态 67

   33 desc_table_stmt: DESC ID •

    $default  使用规则 33 以归约 (desc_table_stmt)


状态 68

   32 show_tables_stmt: SHOW TABLES •

    $default  使用规则 32 以归约 (show_tables_stmt)


状态 69

   39 show_index_stmt: SHOW INDEX • FROM ID

    FROM  偏移，并进入状态 100


状态 70

   59 insert_stmt: INSERT INTO • ID VALUES LBRACE value_list RBRACE

    ID  偏移，并进入状态 101


状态 71

   68 delete_stmt: DELETE FROM • ID where

    ID  偏移，并进入状态 102


状态 72

   69 update_stmt: UPDATE ID • SET update_list where

    SET  偏移，并进入状态 103


状态 73

  133 set_variable_stmt: SET ID • EQ value

    EQ  偏移，并进入状态 104


状态 74

  131 load_data_stmt: LOAD DATA • INFILE SSS INTO TABLE ID

    INFILE  偏移，并进入状态 105


状态 75

  132 explain_stmt: EXPLAIN command_wrapper •

    $default  使用规则 132 以归约 (explain_stmt)


状态 76

   31 analyze_table_stmt: ANALYZE TABLE • ID

    ID  偏移，并进入状态 106


状态 77

    0 $accept: commands $end •

    $default  接受


状态 78

  135 opt_semicolon: SEMICOLON •

    $default  使用规则 135 以归约 (opt_semicolon)


状态 79

    1 commands: command_wrapper opt_semicolon •

    $default  使用规则 1 以归约 (commands)


状态 80

   40 create_table_stmt: CREATE TABLE ID • LBRACE attr_def_list primary_key RBRACE storage_format

    LBRACE  偏移，并进入状态 107


状态 81

   34 create_index_stmt: CREATE INDEX ID • ON ID LBRACE attribute_name_list RBRACE

    ON  偏移，并进入状态 108


状态 82

   35 create_index_stmt: CREATE UNIQUE INDEX • ID ON ID LBRACE attribute_name_list RBRACE

    ID  偏移，并进入状态 109


状态 83

   30 drop_table_stmt: DROP TABLE ID •

    $default  使用规则 30 以归约 (drop_table_stmt)


状态 84

   38 drop_index_stmt: DROP INDEX ID • ON ID

    ON  偏移，并进入状态 110


状态 85

   79 expression: expression • '+' expression
   80           | expression • '-' expression
   81           | expression • '*' expression
   82           | expression • '/' expression
   83           | LBRACE expression • RBRACE

    RBRACE  偏移，并进入状态 111
    '+'     偏移，并进入状态 94
    '-'     偏移，并进入状态 95
    '*'     偏移，并进入状态 96
    '/'     偏移，并进入状态 97


状态 86

   88 expression: COUNT LBRACE • '*' RBRACE
   89           | COUNT LBRACE • expression RBRACE

    LBRACE  偏移，并进入状态 49
    NULL_T  偏移，并进入状态 50
    COUNT   偏移，并进入状态 51
    SUM     偏移，并进入状态 52
    AVG     偏移，并进入状态 53
    MAX     偏移，并进入状态 54
    MIN     偏移，并进入状态 55
    NUMBER  偏移，并进入状态 56
    FLOAT   偏移，并进入状态 57
    ID      偏移，并进入状态 58
    SSS     偏移，并进入状态 59
    '-'     偏移，并进入状态 60
    '*'     偏移，并进入状态 112

    value       转到状态 62
    expression  转到状态 113
    rel_attr    转到状态 65


状态 87

   90 expression: SUM LBRACE • expression RBRACE

    LBRACE  偏移，并进入状态 49
    NULL_T  偏移，并进入状态 50
    COUNT   偏移，并进入状态 51
    SUM     偏移，并进入状态 52
    AVG     偏移，并进入状态 53
    MAX     偏移，并进入状态 54
    MIN     偏移，并进入状态 55
    NUMBER  偏移，并进入状态 56
    FLOAT   偏移，并进入状态 57
    ID      偏移，并进入状态 58
    SSS     偏移，并进入状态 59
    '-'     偏移，并进入状态 60
    '*'     偏移，并进入状态 61

    value       转到状态 62
    expression  转到状态 114
    rel_attr    转到状态 65


状态 88

   91 expression: AVG LBRACE • expression RBRACE

    LBRACE  偏移，并进入状态 49
    NULL_T  偏移，并进入状态 50
    COUNT   偏移，并进入状态 51
    SUM     偏移，并进入状态 52
    AVG     偏移，并进入状态 53
    MAX     偏移，并进入状态 54
    MIN     偏移，并进入状态 55
    NUMBER  偏移，并进入状态 56
    FLOAT   偏移，并进入状态 57
    ID      偏移，并进入状态 58
    SSS     偏移，并进入状态 59
    '-'     偏移，并进入状态 60
    '*'     偏移，并进入状态 61

    value       转到状态 62
    expression  转到状态 115
    rel_attr    转到状态 65


状态 89

   92 expression: MAX LBRACE • expression RBRACE

    LBRACE  偏移，并进入状态 49
    NULL_T  偏移，并进入状态 50
    COUNT   偏移，并进入状态 51
    SUM     偏移，并进入状态 52
    AVG     偏移，并进入状态 53
    MAX     偏移，并进入状态 54
    MIN     偏移，并进入状态 55
    NUMBER  偏移，并进入状态 56
    FLOAT   偏移，并进入状态 57
    ID      偏移，并进入状态 58
    SSS     偏移，并进入状态 59
    '-'     偏移，并进入状态 60
    '*'     偏移，并进入状态 61

    value       转到状态 62
    expression  转到状态 116
    rel_attr    转到状态 65


状态 90

   93 expression: MIN LBRACE • expression RBRACE

    LBRACE  偏移，并进入状态 49
    NULL_T  偏移，并进入状态 50
    COUNT   偏移，并进入状态 51
    SUM     偏移，并进入状态 52
    AVG     偏移，并进入状态 53
    MAX     偏移，并进入状态 54
    MIN     偏移，并进入状态 55
    NUMBER  偏移，并进入状态 56
    FLOAT   偏移，并进入状态 57
    ID      偏移，并进入状态 58
    SSS     偏移，并进入状态 59
    '-'     偏移，并进入状态 60
    '*'     偏移，并进入状态 61

    value       转到状态 62
    expression  转到状态 117
    rel_attr    转到状态 65


状态 91

   95 rel_attr: ID DOT • ID

    ID  偏移，并进入状态 118


状态 92

   79 expression: expression • '+' expression
   80           | expression • '-' expression
   81           | expression • '*' expression
   82           | expression • '/' expression
   84           | '-' expression •

    $default  使用规则 84 以归约 (expression)


状态 93

   78 expression_list: expression COMMA • expression_list

    LBRACE  偏移，并进入状态 49
    NULL_T  偏移，并进入状态 50
    COUNT   偏移，并进入状态 51
    SUM     偏移，并进入状态 52
    AVG     偏移，并进入状态 53
    MAX     偏移，并进入状态 54
    MIN     偏移，并进入状态 55
    NUMBER  偏移，并进入状态 56
    FLOAT   偏移，并进入状态 57
    ID      偏移，并进入状态 58
    SSS     偏移，并进入状态 59
    '-'     偏移，并进入状态 60
    '*'     偏移，并进入状态 61

    value            转到状态 62
    expression_list  转到状态 119
    expression       转到状态 64
    rel_attr         转到状态 65


状态 94

   79 expression: expression '+' • expression

    LBRACE  偏移，并进入状态 49
    NULL_T  偏移，并进入状态 50
    COUNT   偏移，并进入状态 51
    SUM     偏移，并进入状态 52
    AVG     偏移，并进入状态 53
    MAX     偏移，并进入状态 54
    MIN     偏移，并进入状态 55
    NUMBER  偏移，并进入状态 56
    FLOAT   偏移，并进入状态 57
    ID      偏移，并进入状态 58
    SSS     偏移，并进入状态 59
    '-'     偏移，并进入状态 60
    '*'     偏移，并进入状态 61

    value       转到状态 62
    expression  转到状态 120
    rel_attr    转到状态 65


状态 95

   80 expression: expression '-' • expression

    LBRACE  偏移，并进入状态 49
    NULL_T  偏移，并进入状态 50
    COUNT   偏移，并进入状态 51
    SUM     偏移，并进入状态 52
    AVG     偏移，并进入状态 53
    MAX     偏移，并进入状态 54
    MIN     偏移，并进入状态 55
    NUMBER  偏移，并进入状态 56
    FLOAT   偏移，并进入状态 57
    ID      偏移，并进入状态 58
    SSS     偏移，并进入状态 59
    '-'     偏移，并进入状态 60
    '*'     偏移，并进入状态 61

    value       转到状态 62
    expression  转到状态 121
    rel_attr    转到状态 65


状态 96

   81 expression: expression '*' • expression

    LBRACE  偏移，并进入状态 49
    NULL_T  偏移，并进入状态 50
    COUNT   偏移，并进入状态 51
    SUM     偏移，并进入状态 52
    AVG     偏移，并进入状态 53
    MAX     偏移，并进入状态 54
    MIN     偏移，并进入状态 55
    NUMBER  偏移，并进入状态 56
    FLOAT   偏移，并进入状态 57
    ID      偏移，并进入状态 58
    SSS     偏移，并进入状态 59
    '-'     偏移，并进入状态 60
    '*'     偏移，并进入状态 61

    value       转到状态 62
    expression  转到状态 122
    rel_attr    转到状态 65


状态 97

   82 expression: expression '/' • expression

    LBRACE  偏移，并进入状态 49
    NULL_T  偏移，并进入状态 50
    COUNT   偏移，并进入状态 51
    SUM     偏移，并进入状态 52
    AVG     偏移，并进入状态 53
    MAX     偏移，并进入状态 54
    MIN     偏移，并进入状态 55
    NUMBER  偏移，并进入状态 56
    FLOAT   偏移，并进入状态 57
    ID      偏移，并进入状态 58
    SSS     偏移，并进入状态 59
    '-'     偏移，并进入状态 60
    '*'     偏移，并进入状态 61

    value       转到状态 62
    expression  转到状态 123
    rel_attr    转到状态 65


状态 98

   72 select_stmt: SELECT expression_list FROM • rel_list where group_by having
   74            | SELECT expression_list FROM • relation INNER JOIN relation ON condition

    ID  偏移，并进入状态 124

    relation  转到状态 125
    rel_list  转到状态 126


状态 99

   73 select_stmt: SELECT expression_list WHERE • condition_list

    LBRACE  偏移，并进入状态 127
    NULL_T  偏移，并进入状态 50
    NOT     偏移，并进入状态 128
    COUNT   偏移，并进入状态 51
    SUM     偏移，并进入状态 52
    AVG     偏移，并进入状态 53
    MAX     偏移，并进入状态 54
    MIN     偏移，并进入状态 55
    EXISTS  偏移，并进入状态 129
    NUMBER  偏移，并进入状态 56
    FLOAT   偏移，并进入状态 57
    ID      偏移，并进入状态 58
    SSS     偏移，并进入状态 59
    '-'     偏移，并进入状态 60
    '*'     偏移，并进入状态 61

    $default  使用规则 103 以归约 (condition_list)

    value           转到状态 130
    expression      转到状态 131
    rel_attr        转到状态 132
    condition_list  转到状态 133
    condition       转到状态 134


状态 100

   39 show_index_stmt: SHOW INDEX FROM • ID

    ID  偏移，并进入状态 135


状态 101

   59 insert_stmt: INSERT INTO ID • VALUES LBRACE value_list RBRACE

    VALUES  偏移，并进入状态 136


状态 102

   68 delete_stmt: DELETE FROM ID • where

    WHERE  偏移，并进入状态 137

    $default  使用规则 99 以归约 (where)

    where  转到状态 138


状态 103

   69 update_stmt: UPDATE ID SET • update_list where

    ID  偏移，并进入状态 139

    update_list  转到状态 140


状态 104

  133 set_variable_stmt: SET ID EQ • value

    NULL_T  偏移，并进入状态 50
    NUMBER  偏移，并进入状态 56
    FLOAT   偏移，并进入状态 57
    SSS     偏移，并进入状态 59

    value  转到状态 141


状态 105

  131 load_data_stmt: LOAD DATA INFILE • SSS INTO TABLE ID

    SSS  偏移，并进入状态 142


状态 106

   31 analyze_table_stmt: ANALYZE TABLE ID •

    $default  使用规则 31 以归约 (analyze_table_stmt)


状态 107

   40 create_table_stmt: CREATE TABLE ID LBRACE • attr_def_list primary_key RBRACE storage_format

    ID  偏移，并进入状态 143

    attr_def_list  转到状态 144
    attr_def       转到状态 145


状态 108

   34 create_index_stmt: CREATE INDEX ID ON • ID LBRACE attribute_name_list RBRACE

    ID  偏移，并进入状态 146


状态 109

   35 create_index_stmt: CREATE UNIQUE INDEX ID • ON ID LBRACE attribute_name_list RBRACE

    ON  偏移，并进入状态 147


状态 110

   38 drop_index_stmt: DROP INDEX ID ON • ID

    ID  偏移，并进入状态 148


状态 111

   83 expression: LBRACE expression RBRACE •

    $default  使用规则 83 以归约 (expression)


状态 112

   87 expression: '*' •
   88           | COUNT LBRACE '*' • RBRACE

    RBRACE  偏移，并进入状态 149

    RBRACE    [使用规则 87 以归约 (expression)]
    $default  使用规则 87 以归约 (expression)


状态 113

   79 expression: expression • '+' expression
   80           | expression • '-' expression
   81           | expression • '*' expression
   82           | expression • '/' expression
   89           | COUNT LBRACE expression • RBRACE

    RBRACE  偏移，并进入状态 150
    '+'     偏移，并进入状态 94
    '-'     偏移，并进入状态 95
    '*'     偏移，并进入状态 96
    '/'     偏移，并进入状态 97


状态 114

   79 expression: expression • '+' expression
   80           | expression • '-' expression
   81           | expression • '*' expression
   82           | expression • '/' expression
   90           | SUM LBRACE expression • RBRACE

    RBRACE  偏移，并进入状态 151
    '+'     偏移，并进入状态 94
    '-'     偏移，并进入状态 95
    '*'     偏移，并进入状态 96
    '/'     偏移，并进入状态 97


状态 115

   79 expression: expression • '+' expression
   80           | expression • '-' expression
   81           | expression • '*' expression
   82           | expression • '/' expression
   91           | AVG LBRACE expression • RBRACE

    RBRACE  偏移，并进入状态 152
    '+'     偏移，并进入状态 94
    '-'     偏移，并进入状态 95
    '*'     偏移，并进入状态 96
    '/'     偏移，并进入状态 97


状态 116

   79 expression: expression • '+' expression
   80           | expression • '-' expression
   81           | expression • '*' expression
   82           | expression • '/' expression
   92           | MAX LBRACE expression • RBRACE

    RBRACE  偏移，并进入状态 153
    '+'     偏移，并进入状态 94
    '-'     偏移，并进入状态 95
    '*'     偏移，并进入状态 96
    '/'     偏移，并进入状态 97


状态 117

   79 expression: expression • '+' expression
   80           | expression • '-' expression
   81           | expression • '*' expression
   82           | expression • '/' expression
   93           | MIN LBRACE expression • RBRACE

    RBRACE  偏移，并进入状态 154
    '+'     偏移，并进入状态 94
    '-'     偏移，并进入状态 95
    '*'     偏移，并进入状态 96
    '/'     偏移，并进入状态 97


状态 118

   95 rel_attr: ID DOT ID •

    $default  使用规则 95 以归约 (rel_attr)


状态 119

   78 expression_list: expression COMMA expression_list •

    $default  使用规则 78 以归约 (expression_list)


状态 120

   79 expression: expression • '+' expression
   79           | expression '+' expression •
   80           | expression • '-' expression
   81           | expression • '*' expression
   82           | expression • '/' expression

    '*'  偏移，并进入状态 96
    '/'  偏移，并进入状态 97

    $default  使用规则 79 以归约 (expression)


状态 121

   79 expression: expression • '+' expression
   80           | expression • '-' expression
   80           | expression '-' expression •
   81           | expression • '*' expression
   82           | expression • '/' expression

    '*'  偏移，并进入状态 96
    '/'  偏移，并进入状态 97

    $default  使用规则 80 以归约 (expression)


状态 122

   79 expression: expression • '+' expression
   80           | expression • '-' expression
   81           | expression • '*' expression
   81           | expression '*' expression •
   82           | expression • '/' expression

    $default  使用规则 81 以归约 (expression)


状态 123

   79 expression: expression • '+' expression
   80           | expression • '-' expression
   81           | expression • '*' expression
   82           | expression • '/' expression
   82           | expression '/' expression •

    $default  使用规则 82 以归约 (expression)


状态 124

   96 relation: ID •

    $default  使用规则 96 以归约 (relation)


状态 125

   74 select_stmt: SELECT expression_list FROM relation • INNER JOIN relation ON condition
   97 rel_list: relation •
   98         | relation • COMMA rel_list

    COMMA  偏移，并进入状态 155
    INNER  偏移，并进入状态 156

    $default  使用规则 97 以归约 (rel_list)


状态 126

   72 select_stmt: SELECT expression_list FROM rel_list • where group_by having

    WHERE  偏移，并进入状态 137

    $default  使用规则 99 以归约 (where)

    where  转到状态 157


状态 127

   83 expression: LBRACE • expression RBRACE
  119 condition: LBRACE • select_stmt RBRACE comp_op rel_attr

    SELECT  偏移，并进入状态 4
    LBRACE  偏移，并进入状态 49
    NULL_T  偏移，并进入状态 50
    COUNT   偏移，并进入状态 51
    SUM     偏移，并进入状态 52
    AVG     偏移，并进入状态 53
    MAX     偏移，并进入状态 54
    MIN     偏移，并进入状态 55
    NUMBER  偏移，并进入状态 56
    FLOAT   偏移，并进入状态 57
    ID      偏移，并进入状态 58
    SSS     偏移，并进入状态 59
    '-'     偏移，并进入状态 60
    '*'     偏移，并进入状态 61

    value        转到状态 62
    select_stmt  转到状态 158
    expression   转到状态 85
    rel_attr     转到状态 65


状态 128

  118 condition: NOT • EXISTS LBRACE select_stmt RBRACE

    EXISTS  偏移，并进入状态 159


状态 129

  117 condition: EXISTS • LBRACE select_stmt RBRACE

    LBRACE  偏移，并进入状态 160


状态 130

   85 expression: value •
  113 condition: value • IN LBRACE value_list RBRACE
  114          | value • NOT IN LBRACE value_list RBRACE

    NOT  偏移，并进入状态 161
    IN   偏移，并进入状态 162

    NOT       [使用规则 85 以归约 (expression)]
    $default  使用规则 85 以归约 (expression)


状态 131

   79 expression: expression • '+' expression
   80           | expression • '-' expression
   81           | expression • '*' expression
   82           | expression • '/' expression
  107 condition: expression • comp_op expression
  108          | expression • IS NULL_T
  109          | expression • IS NOT NULL_T
  110          | expression •

    NOT   偏移，并进入状态 163
    IS    偏移，并进入状态 164
    LIKE  偏移，并进入状态 165
    '+'   偏移，并进入状态 94
    '-'   偏移，并进入状态 95
    '*'   偏移，并进入状态 96
    '/'   偏移，并进入状态 97
    EQ    偏移，并进入状态 166
    NE    偏移，并进入状态 167
    LT    偏移，并进入状态 168
    LE    偏移，并进入状态 169
    GT    偏移，并进入状态 170
    GE    偏移，并进入状态 171

    $default  使用规则 110 以归约 (condition)

    comp_op  转到状态 172


状态 132

   86 expression: rel_attr •
  106 condition: rel_attr • comp_op value
  111          | rel_attr • IN LBRACE value_list RBRACE
  112          | rel_attr • NOT IN LBRACE value_list RBRACE
  115          | rel_attr • IN LBRACE select_stmt RBRACE
  116          | rel_attr • NOT IN LBRACE select_stmt RBRACE
  120          | rel_attr • comp_op LBRACE select_stmt RBRACE

    NOT   偏移，并进入状态 173
    IN    偏移，并进入状态 174
    LIKE  偏移，并进入状态 165
    EQ    偏移，并进入状态 166
    NE    偏移，并进入状态 167
    LT    偏移，并进入状态 168
    LE    偏移，并进入状态 169
    GT    偏移，并进入状态 170
    GE    偏移，并进入状态 171

    NOT       [使用规则 86 以归约 (expression)]
    LIKE      [使用规则 86 以归约 (expression)]
    EQ        [使用规则 86 以归约 (expression)]
    NE        [使用规则 86 以归约 (expression)]
    LT        [使用规则 86 以归约 (expression)]
    LE        [使用规则 86 以归约 (expression)]
    GT        [使用规则 86 以归约 (expression)]
    GE        [使用规则 86 以归约 (expression)]
    $default  使用规则 86 以归约 (expression)

    comp_op  转到状态 175


状态 133

   73 select_stmt: SELECT expression_list WHERE condition_list •

    $default  使用规则 73 以归约 (select_stmt)


状态 134

  104 condition_list: condition •
  105               | condition • AND condition_list

    AND  偏移，并进入状态 176

    $default  使用规则 104 以归约 (condition_list)


状态 135

   39 show_index_stmt: SHOW INDEX FROM ID •

    $default  使用规则 39 以归约 (show_index_stmt)


状态 136

   59 insert_stmt: INSERT INTO ID VALUES • LBRACE value_list RBRACE

    LBRACE  偏移，并进入状态 177


状态 137

  100 where: WHERE • condition_list

    LBRACE  偏移，并进入状态 127
    NULL_T  偏移，并进入状态 50
    NOT     偏移，并进入状态 128
    COUNT   偏移，并进入状态 51
    SUM     偏移，并进入状态 52
    AVG     偏移，并进入状态 53
    MAX     偏移，并进入状态 54
    MIN     偏移，并进入状态 55
    EXISTS  偏移，并进入状态 129
    NUMBER  偏移，并进入状态 56
    FLOAT   偏移，并进入状态 57
    ID      偏移，并进入状态 58
    SSS     偏移，并进入状态 59
    '-'     偏移，并进入状态 60
    '*'     偏移，并进入状态 61

    $default  使用规则 103 以归约 (condition_list)

    value           转到状态 130
    expression      转到状态 131
    rel_attr        转到状态 132
    condition_list  转到状态 178
    condition       转到状态 134


状态 138

   68 delete_stmt: DELETE FROM ID where •

    $default  使用规则 68 以归约 (delete_stmt)


状态 139

   70 update_list: ID • EQ expression

    EQ  偏移，并进入状态 179


状态 140

   69 update_stmt: UPDATE ID SET update_list • where
   71 update_list: update_list • COMMA ID EQ expression

    COMMA  偏移，并进入状态 180
    WHERE  偏移，并进入状态 137

    $default  使用规则 99 以归约 (where)

    where  转到状态 181


状态 141

  133 set_variable_stmt: SET ID EQ value •

    $default  使用规则 133 以归约 (set_variable_stmt)


状态 142

  131 load_data_stmt: LOAD DATA INFILE SSS • INTO TABLE ID

    INTO  偏移，并进入状态 182


状态 143

   43 attr_def: ID • type LBRACE number RBRACE nullable_spec
   44         | ID • type nullable_spec
   45         | ID • type LBRACE number RBRACE
   46         | ID • type

    INT_T     偏移，并进入状态 183
    STRING_T  偏移，并进入状态 184
    FLOAT_T   偏移，并进入状态 185
    DATE_T    偏移，并进入状态 186
    VECTOR_T  偏移，并进入状态 187

    type  转到状态 188


状态 144

   40 create_table_stmt: CREATE TABLE ID LBRACE attr_def_list • primary_key RBRACE storage_format
   42 attr_def_list: attr_def_list • COMMA attr_def

    COMMA  偏移，并进入状态 189

    $default  使用规则 55 以归约 (primary_key)

    primary_key  转到状态 190


状态 145

   41 attr_def_list: attr_def •

    $default  使用规则 41 以归约 (attr_def_list)


状态 146

   34 create_index_stmt: CREATE INDEX ID ON ID • LBRACE attribute_name_list RBRACE

    LBRACE  偏移，并进入状态 191


状态 147

   35 create_index_stmt: CREATE UNIQUE INDEX ID ON • ID LBRACE attribute_name_list RBRACE

    ID  偏移，并进入状态 192


状态 148

   38 drop_index_stmt: DROP INDEX ID ON ID •

    $default  使用规则 38 以归约 (drop_index_stmt)


状态 149

   88 expression: COUNT LBRACE '*' RBRACE •

    $default  使用规则 88 以归约 (expression)


状态 150

   89 expression: COUNT LBRACE expression RBRACE •

    $default  使用规则 89 以归约 (expression)


状态 151

   90 expression: SUM LBRACE expression RBRACE •

    $default  使用规则 90 以归约 (expression)


状态 152

   91 expression: AVG LBRACE expression RBRACE •

    $default  使用规则 91 以归约 (expression)


状态 153

   92 expression: MAX LBRACE expression RBRACE •

    $default  使用规则 92 以归约 (expression)


状态 154

   93 expression: MIN LBRACE expression RBRACE •

    $default  使用规则 93 以归约 (expression)


状态 155

   98 rel_list: relation COMMA • rel_list

    ID  偏移，并进入状态 124

    relation  转到状态 193
    rel_list  转到状态 194


状态 156

   74 select_stmt: SELECT expression_list FROM relation INNER • JOIN relation ON condition

    JOIN  偏移，并进入状态 195


状态 157

   72 select_stmt: SELECT expression_list FROM rel_list where • group_by having

    GROUP  偏移，并进入状态 196

    $default  使用规则 129 以归约 (group_by)

    group_by  转到状态 197


状态 158

  119 condition: LBRACE select_stmt • RBRACE comp_op rel_attr

    RBRACE  偏移，并进入状态 198


状态 159

  118 condition: NOT EXISTS • LBRACE select_stmt RBRACE

    LBRACE  偏移，并进入状态 199


状态 160

  117 condition: EXISTS LBRACE • select_stmt RBRACE

    SELECT  偏移，并进入状态 4

    select_stmt  转到状态 200


状态 161

  114 condition: value NOT • IN LBRACE value_list RBRACE

    IN  偏移，并进入状态 201


状态 162

  113 condition: value IN • LBRACE value_list RBRACE

    LBRACE  偏移，并进入状态 202


状态 163

  128 comp_op: NOT • LIKE

    LIKE  偏移，并进入状态 203


状态 164

  108 condition: expression IS • NULL_T
  109          | expression IS • NOT NULL_T

    NULL_T  偏移，并进入状态 204
    NOT     偏移，并进入状态 205


状态 165

  127 comp_op: LIKE •

    $default  使用规则 127 以归约 (comp_op)


状态 166

  121 comp_op: EQ •

    $default  使用规则 121 以归约 (comp_op)


状态 167

  126 comp_op: NE •

    $default  使用规则 126 以归约 (comp_op)


状态 168

  122 comp_op: LT •

    $default  使用规则 122 以归约 (comp_op)


状态 169

  124 comp_op: LE •

    $default  使用规则 124 以归约 (comp_op)


状态 170

  123 comp_op: GT •

    $default  使用规则 123 以归约 (comp_op)


状态 171

  125 comp_op: GE •

    $default  使用规则 125 以归约 (comp_op)


状态 172

  107 condition: expression comp_op • expression

    LBRACE  偏移，并进入状态 49
    NULL_T  偏移，并进入状态 50
    COUNT   偏移，并进入状态 51
    SUM     偏移，并进入状态 52
    AVG     偏移，并进入状态 53
    MAX     偏移，并进入状态 54
    MIN     偏移，并进入状态 55
    NUMBER  偏移，并进入状态 56
    FLOAT   偏移，并进入状态 57
    ID      偏移，并进入状态 58
    SSS     偏移，并进入状态 59
    '-'     偏移，并进入状态 60
    '*'     偏移，并进入状态 61

    value       转到状态 62
    expression  转到状态 206
    rel_attr    转到状态 65


状态 173

  112 condition: rel_attr NOT • IN LBRACE value_list RBRACE
  116          | rel_attr NOT • IN LBRACE select_stmt RBRACE
  128 comp_op: NOT • LIKE

    IN    偏移，并进入状态 207
    LIKE  偏移，并进入状态 203


状态 174

  111 condition: rel_attr IN • LBRACE value_list RBRACE
  115          | rel_attr IN • LBRACE select_stmt RBRACE

    LBRACE  偏移，并进入状态 208


状态 175

  106 condition: rel_attr comp_op • value
  120          | rel_attr comp_op • LBRACE select_stmt RBRACE

    LBRACE  偏移，并进入状态 209
    NULL_T  偏移，并进入状态 50
    NUMBER  偏移，并进入状态 56
    FLOAT   偏移，并进入状态 57
    SSS     偏移，并进入状态 59

    value  转到状态 210


状态 176

  105 condition_list: condition AND • condition_list

    LBRACE  偏移，并进入状态 127
    NULL_T  偏移，并进入状态 50
    NOT     偏移，并进入状态 128
    COUNT   偏移，并进入状态 51
    SUM     偏移，并进入状态 52
    AVG     偏移，并进入状态 53
    MAX     偏移，并进入状态 54
    MIN     偏移，并进入状态 55
    EXISTS  偏移，并进入状态 129
    NUMBER  偏移，并进入状态 56
    FLOAT   偏移，并进入状态 57
    ID      偏移，并进入状态 58
    SSS     偏移，并进入状态 59
    '-'     偏移，并进入状态 60
    '*'     偏移，并进入状态 61

    $default  使用规则 103 以归约 (condition_list)

    value           转到状态 130
    expression      转到状态 131
    rel_attr        转到状态 132
    condition_list  转到状态 211
    condition       转到状态 134


状态 177

   59 insert_stmt: INSERT INTO ID VALUES LBRACE • value_list RBRACE

    NULL_T  偏移，并进入状态 50
    NUMBER  偏移，并进入状态 56
    FLOAT   偏移，并进入状态 57
    SSS     偏移，并进入状态 59

    value_list  转到状态 212
    value       转到状态 213


状态 178

  100 where: WHERE condition_list •

    $default  使用规则 100 以归约 (where)


状态 179

   70 update_list: ID EQ • expression

    LBRACE  偏移，并进入状态 49
    NULL_T  偏移，并进入状态 50
    COUNT   偏移，并进入状态 51
    SUM     偏移，并进入状态 52
    AVG     偏移，并进入状态 53
    MAX     偏移，并进入状态 54
    MIN     偏移，并进入状态 55
    NUMBER  偏移，并进入状态 56
    FLOAT   偏移，并进入状态 57
    ID      偏移，并进入状态 58
    SSS     偏移，并进入状态 59
    '-'     偏移，并进入状态 60
    '*'     偏移，并进入状态 61

    value       转到状态 62
    expression  转到状态 214
    rel_attr    转到状态 65


状态 180

   71 update_list: update_list COMMA • ID EQ expression

    ID  偏移，并进入状态 215


状态 181

   69 update_stmt: UPDATE ID SET update_list where •

    $default  使用规则 69 以归约 (update_stmt)


状态 182

  131 load_data_stmt: LOAD DATA INFILE SSS INTO • TABLE ID

    TABLE  偏移，并进入状态 216


状态 183

   50 type: INT_T •

    $default  使用规则 50 以归约 (type)


状态 184

   51 type: STRING_T •

    $default  使用规则 51 以归约 (type)


状态 185

   52 type: FLOAT_T •

    $default  使用规则 52 以归约 (type)


状态 186

   54 type: DATE_T •

    $default  使用规则 54 以归约 (type)


状态 187

   53 type: VECTOR_T •

    $default  使用规则 53 以归约 (type)


状态 188

   43 attr_def: ID type • LBRACE number RBRACE nullable_spec
   44         | ID type • nullable_spec
   45         | ID type • LBRACE number RBRACE
   46         | ID type •

    LBRACE  偏移，并进入状态 217
    NOT     偏移，并进入状态 218

    RBRACE    使用规则 46 以归约 (attr_def)
    RBRACE    [使用规则 48 以归约 (nullable_spec)]
    COMMA     使用规则 46 以归约 (attr_def)
    COMMA     [使用规则 48 以归约 (nullable_spec)]
    $default  使用规则 46 以归约 (attr_def)

    nullable_spec  转到状态 219


状态 189

   42 attr_def_list: attr_def_list COMMA • attr_def
   56 primary_key: COMMA • PRIMARY KEY LBRACE attr_list RBRACE

    PRIMARY  偏移，并进入状态 220
    ID       偏移，并进入状态 143

    attr_def  转到状态 221


状态 190

   40 create_table_stmt: CREATE TABLE ID LBRACE attr_def_list primary_key • RBRACE storage_format

    RBRACE  偏移，并进入状态 222


状态 191

   34 create_index_stmt: CREATE INDEX ID ON ID LBRACE • attribute_name_list RBRACE

    ID  偏移，并进入状态 223

    attribute_name_list  转到状态 224


状态 192

   35 create_index_stmt: CREATE UNIQUE INDEX ID ON ID • LBRACE attribute_name_list RBRACE

    LBRACE  偏移，并进入状态 225


状态 193

   97 rel_list: relation •
   98         | relation • COMMA rel_list

    COMMA  偏移，并进入状态 155

    $default  使用规则 97 以归约 (rel_list)


状态 194

   98 rel_list: relation COMMA rel_list •

    $default  使用规则 98 以归约 (rel_list)


状态 195

   74 select_stmt: SELECT expression_list FROM relation INNER JOIN • relation ON condition

    ID  偏移，并进入状态 124

    relation  转到状态 226


状态 196

  130 group_by: GROUP • BY expression_list

    BY  偏移，并进入状态 227


状态 197

   72 select_stmt: SELECT expression_list FROM rel_list where group_by • having

    HAVING  偏移，并进入状态 228

    $default  使用规则 101 以归约 (having)

    having  转到状态 229


状态 198

  119 condition: LBRACE select_stmt RBRACE • comp_op rel_attr

    NOT   偏移，并进入状态 163
    LIKE  偏移，并进入状态 165
    EQ    偏移，并进入状态 166
    NE    偏移，并进入状态 167
    LT    偏移，并进入状态 168
    LE    偏移，并进入状态 169
    GT    偏移，并进入状态 170
    GE    偏移，并进入状态 171

    comp_op  转到状态 230


状态 199

  118 condition: NOT EXISTS LBRACE • select_stmt RBRACE

    SELECT  偏移，并进入状态 4

    select_stmt  转到状态 231


状态 200

  117 condition: EXISTS LBRACE select_stmt • RBRACE

    RBRACE  偏移，并进入状态 232


状态 201

  114 condition: value NOT IN • LBRACE value_list RBRACE

    LBRACE  偏移，并进入状态 233


状态 202

  113 condition: value IN LBRACE • value_list RBRACE

    NULL_T  偏移，并进入状态 50
    NUMBER  偏移，并进入状态 56
    FLOAT   偏移，并进入状态 57
    SSS     偏移，并进入状态 59

    value_list  转到状态 234
    value       转到状态 213


状态 203

  128 comp_op: NOT LIKE •

    $default  使用规则 128 以归约 (comp_op)


状态 204

  108 condition: expression IS NULL_T •

    $default  使用规则 108 以归约 (condition)


状态 205

  109 condition: expression IS NOT • NULL_T

    NULL_T  偏移，并进入状态 235


状态 206

   79 expression: expression • '+' expression
   80           | expression • '-' expression
   81           | expression • '*' expression
   82           | expression • '/' expression
  107 condition: expression comp_op expression •

    '+'  偏移，并进入状态 94
    '-'  偏移，并进入状态 95
    '*'  偏移，并进入状态 96
    '/'  偏移，并进入状态 97

    $default  使用规则 107 以归约 (condition)


状态 207

  112 condition: rel_attr NOT IN • LBRACE value_list RBRACE
  116          | rel_attr NOT IN • LBRACE select_stmt RBRACE

    LBRACE  偏移，并进入状态 236


状态 208

  111 condition: rel_attr IN LBRACE • value_list RBRACE
  115          | rel_attr IN LBRACE • select_stmt RBRACE

    SELECT  偏移，并进入状态 4
    NULL_T  偏移，并进入状态 50
    NUMBER  偏移，并进入状态 56
    FLOAT   偏移，并进入状态 57
    SSS     偏移，并进入状态 59

    value_list   转到状态 237
    value        转到状态 213
    select_stmt  转到状态 238


状态 209

  120 condition: rel_attr comp_op LBRACE • select_stmt RBRACE

    SELECT  偏移，并进入状态 4

    select_stmt  转到状态 239


状态 210

  106 condition: rel_attr comp_op value •

    $default  使用规则 106 以归约 (condition)


状态 211

  105 condition_list: condition AND condition_list •

    $default  使用规则 105 以归约 (condition_list)


状态 212

   59 insert_stmt: INSERT INTO ID VALUES LBRACE value_list • RBRACE
   61 value_list: value_list • COMMA value

    RBRACE  偏移，并进入状态 240
    COMMA   偏移，并进入状态 241


状态 213

   60 value_list: value •

    $default  使用规则 60 以归约 (value_list)


状态 214

   70 update_list: ID EQ expression •
   79 expression: expression • '+' expression
   80           | expression • '-' expression
   81           | expression • '*' expression
   82           | expression • '/' expression

    '+'  偏移，并进入状态 94
    '-'  偏移，并进入状态 95
    '*'  偏移，并进入状态 96
    '/'  偏移，并进入状态 97

    $default  使用规则 70 以归约 (update_list)


状态 215

   71 update_list: update_list COMMA ID • EQ expression

    EQ  偏移，并进入状态 242


状态 216

  131 load_data_stmt: LOAD DATA INFILE SSS INTO TABLE • ID

    ID  偏移，并进入状态 243


状态 217

   43 attr_def: ID type LBRACE • number RBRACE nullable_spec
   45         | ID type LBRACE • number RBRACE

    NUMBER  偏移，并进入状态 244

    number  转到状态 245


状态 218

   47 nullable_spec: NOT • NULL_T

    NULL_T  偏移，并进入状态 246


状态 219

   44 attr_def: ID type nullable_spec •

    $default  使用规则 44 以归约 (attr_def)


状态 220

   56 primary_key: COMMA PRIMARY • KEY LBRACE attr_list RBRACE

    KEY  偏移，并进入状态 247


状态 221

   42 attr_def_list: attr_def_list COMMA attr_def •

    $default  使用规则 42 以归约 (attr_def_list)


状态 222

   40 create_table_stmt: CREATE TABLE ID LBRACE attr_def_list primary_key RBRACE • storage_format

    STORAGE  偏移，并进入状态 248

    $default  使用规则 66 以归约 (storage_format)

    storage_format  转到状态 249


状态 223

   36 attribute_name_list: ID •

    $default  使用规则 36 以归约 (attribute_name_list)


状态 224

   34 create_index_stmt: CREATE INDEX ID ON ID LBRACE attribute_name_list • RBRACE
   37 attribute_name_list: attribute_name_list • COMMA ID

    RBRACE  偏移，并进入状态 250
    COMMA   偏移，并进入状态 251


状态 225

   35 create_index_stmt: CREATE UNIQUE INDEX ID ON ID LBRACE • attribute_name_list RBRACE

    ID  偏移，并进入状态 223

    attribute_name_list  转到状态 252


状态 226

   74 select_stmt: SELECT expression_list FROM relation INNER JOIN relation • ON condition

    ON  偏移，并进入状态 253


状态 227

  130 group_by: GROUP BY • expression_list

    LBRACE  偏移，并进入状态 49
    NULL_T  偏移，并进入状态 50
    COUNT   偏移，并进入状态 51
    SUM     偏移，并进入状态 52
    AVG     偏移，并进入状态 53
    MAX     偏移，并进入状态 54
    MIN     偏移，并进入状态 55
    NUMBER  偏移，并进入状态 56
    FLOAT   偏移，并进入状态 57
    ID      偏移，并进入状态 58
    SSS     偏移，并进入状态 59
    '-'     偏移，并进入状态 60
    '*'     偏移，并进入状态 61

    value            转到状态 62
    expression_list  转到状态 254
    expression       转到状态 64
    rel_attr         转到状态 65


状态 228

  102 having: HAVING • condition_list

    LBRACE  偏移，并进入状态 127
    NULL_T  偏移，并进入状态 50
    NOT     偏移，并进入状态 128
    COUNT   偏移，并进入状态 51
    SUM     偏移，并进入状态 52
    AVG     偏移，并进入状态 53
    MAX     偏移，并进入状态 54
    MIN     偏移，并进入状态 55
    EXISTS  偏移，并进入状态 129
    NUMBER  偏移，并进入状态 56
    FLOAT   偏移，并进入状态 57
    ID      偏移，并进入状态 58
    SSS     偏移，并进入状态 59
    '-'     偏移，并进入状态 60
    '*'     偏移，并进入状态 61

    $default  使用规则 103 以归约 (condition_list)

    value           转到状态 130
    expression      转到状态 131
    rel_attr        转到状态 132
    condition_list  转到状态 255
    condition       转到状态 134


状态 229

   72 select_stmt: SELECT expression_list FROM rel_list where group_by having •

    $default  使用规则 72 以归约 (select_stmt)


状态 230

  119 condition: LBRACE select_stmt RBRACE comp_op • rel_attr

    ID  偏移，并进入状态 58

    rel_attr  转到状态 256


状态 231

  118 condition: NOT EXISTS LBRACE select_stmt • RBRACE

    RBRACE  偏移，并进入状态 257


状态 232

  117 condition: EXISTS LBRACE select_stmt RBRACE •

    $default  使用规则 117 以归约 (condition)


状态 233

  114 condition: value NOT IN LBRACE • value_list RBRACE

    NULL_T  偏移，并进入状态 50
    NUMBER  偏移，并进入状态 56
    FLOAT   偏移，并进入状态 57
    SSS     偏移，并进入状态 59

    value_list  转到状态 258
    value       转到状态 213


状态 234

   61 value_list: value_list • COMMA value
  113 condition: value IN LBRACE value_list • RBRACE

    RBRACE  偏移，并进入状态 259
    COMMA   偏移，并进入状态 241


状态 235

  109 condition: expression IS NOT NULL_T •

    $default  使用规则 109 以归约 (condition)


状态 236

  112 condition: rel_attr NOT IN LBRACE • value_list RBRACE
  116          | rel_attr NOT IN LBRACE • select_stmt RBRACE

    SELECT  偏移，并进入状态 4
    NULL_T  偏移，并进入状态 50
    NUMBER  偏移，并进入状态 56
    FLOAT   偏移，并进入状态 57
    SSS     偏移，并进入状态 59

    value_list   转到状态 260
    value        转到状态 213
    select_stmt  转到状态 261


状态 237

   61 value_list: value_list • COMMA value
  111 condition: rel_attr IN LBRACE value_list • RBRACE

    RBRACE  偏移，并进入状态 262
    COMMA   偏移，并进入状态 241


状态 238

  115 condition: rel_attr IN LBRACE select_stmt • RBRACE

    RBRACE  偏移，并进入状态 263


状态 239

  120 condition: rel_attr comp_op LBRACE select_stmt • RBRACE

    RBRACE  偏移，并进入状态 264


状态 240

   59 insert_stmt: INSERT INTO ID VALUES LBRACE value_list RBRACE •

    $default  使用规则 59 以归约 (insert_stmt)


状态 241

   61 value_list: value_list COMMA • value

    NULL_T  偏移，并进入状态 50
    NUMBER  偏移，并进入状态 56
    FLOAT   偏移，并进入状态 57
    SSS     偏移，并进入状态 59

    value  转到状态 265


状态 242

   71 update_list: update_list COMMA ID EQ • expression

    LBRACE  偏移，并进入状态 49
    NULL_T  偏移，并进入状态 50
    COUNT   偏移，并进入状态 51
    SUM     偏移，并进入状态 52
    AVG     偏移，并进入状态 53
    MAX     偏移，并进入状态 54
    MIN     偏移，并进入状态 55
    NUMBER  偏移，并进入状态 56
    FLOAT   偏移，并进入状态 57
    ID      偏移，并进入状态 58
    SSS     偏移，并进入状态 59
    '-'     偏移，并进入状态 60
    '*'     偏移，并进入状态 61

    value       转到状态 62
    expression  转到状态 266
    rel_attr    转到状态 65


状态 243

  131 load_data_stmt: LOAD DATA INFILE SSS INTO TABLE ID •

    $default  使用规则 131 以归约 (load_data_stmt)


状态 244

   49 number: NUMBER •

    $default  使用规则 49 以归约 (number)


状态 245

   43 attr_def: ID type LBRACE number • RBRACE nullable_spec
   45         | ID type LBRACE number • RBRACE

    RBRACE  偏移，并进入状态 267


状态 246

   47 nullable_spec: NOT NULL_T •

    $default  使用规则 47 以归约 (nullable_spec)


状态 247

   56 primary_key: COMMA PRIMARY KEY • LBRACE attr_list RBRACE

    LBRACE  偏移，并进入状态 268


状态 248

   67 storage_format: STORAGE • FORMAT EQ ID

    FORMAT  偏移，并进入状态 269


状态 249

   40 create_table_stmt: CREATE TABLE ID LBRACE attr_def_list primary_key RBRACE storage_format •

    $default  使用规则 40 以归约 (create_table_stmt)


状态 250

   34 create_index_stmt: CREATE INDEX ID ON ID LBRACE attribute_name_list RBRACE •

    $default  使用规则 34 以归约 (create_index_stmt)


状态 251

   37 attribute_name_list: attribute_name_list COMMA • ID

    ID  偏移，并进入状态 270


状态 252

   35 create_index_stmt: CREATE UNIQUE INDEX ID ON ID LBRACE attribute_name_list • RBRACE
   37 attribute_name_list: attribute_name_list • COMMA ID

    RBRACE  偏移，并进入状态 271
    COMMA   偏移，并进入状态 251


状态 253

   74 select_stmt: SELECT expression_list FROM relation INNER JOIN relation ON • condition

    LBRACE  偏移，并进入状态 127
    NULL_T  偏移，并进入状态 50
    NOT     偏移，并进入状态 128
    COUNT   偏移，并进入状态 51
    SUM     偏移，并进入状态 52
    AVG     偏移，并进入状态 53
    MAX     偏移，并进入状态 54
    MIN     偏移，并进入状态 55
    EXISTS  偏移，并进入状态 129
    NUMBER  偏移，并进入状态 56
    FLOAT   偏移，并进入状态 57
    ID      偏移，并进入状态 58
    SSS     偏移，并进入状态 59
    '-'     偏移，并进入状态 60
    '*'     偏移，并进入状态 61

    value       转到状态 130
    expression  转到状态 131
    rel_attr    转到状态 132
    condition   转到状态 272


状态 254

  130 group_by: GROUP BY expression_list •

    $default  使用规则 130 以归约 (group_by)


状态 255

  102 having: HAVING condition_list •

    $default  使用规则 102 以归约 (having)


状态 256

  119 condition: LBRACE select_stmt RBRACE comp_op rel_attr •

    $default  使用规则 119 以归约 (condition)


状态 257

  118 condition: NOT EXISTS LBRACE select_stmt RBRACE •

    $default  使用规则 118 以归约 (condition)


状态 258

   61 value_list: value_list • COMMA value
  114 condition: value NOT IN LBRACE value_list • RBRACE

    RBRACE  偏移，并进入状态 273
    COMMA   偏移，并进入状态 241


状态 259

  113 condition: value IN LBRACE value_list RBRACE •

    $default  使用规则 113 以归约 (condition)


状态 260

   61 value_list: value_list • COMMA value
  112 condition: rel_attr NOT IN LBRACE value_list • RBRACE

    RBRACE  偏移，并进入状态 274
    COMMA   偏移，并进入状态 241


状态 261

  116 condition: rel_attr NOT IN LBRACE select_stmt • RBRACE

    RBRACE  偏移，并进入状态 275


状态 262

  111 condition: rel_attr IN LBRACE value_list RBRACE •

    $default  使用规则 111 以归约 (condition)


状态 263

  115 condition: rel_attr IN LBRACE select_stmt RBRACE •

    $default  使用规则 115 以归约 (condition)


状态 264

  120 condition: rel_attr comp_op LBRACE select_stmt RBRACE •

    $default  使用规则 120 以归约 (condition)


状态 265

   61 value_list: value_list COMMA value •

    $default  使用规则 61 以归约 (value_list)


状态 266

   71 update_list: update_list COMMA ID EQ expression •
   79 expression: expression • '+' expression
   80           | expression • '-' expression
   81           | expression • '*' expression
   82           | expression • '/' expression

    '+'  偏移，并进入状态 94
    '-'  偏移，并进入状态 95
    '*'  偏移，并进入状态 96
    '/'  偏移，并进入状态 97

    $default  使用规则 71 以归约 (update_list)


状态 267

   43 attr_def: ID type LBRACE number RBRACE • nullable_spec
   45         | ID type LBRACE number RBRACE •

    NOT  偏移，并进入状态 218

    RBRACE    使用规则 45 以归约 (attr_def)
    RBRACE    [使用规则 48 以归约 (nullable_spec)]
    COMMA     使用规则 45 以归约 (attr_def)
    COMMA     [使用规则 48 以归约 (nullable_spec)]
    $default  使用规则 45 以归约 (attr_def)

    nullable_spec  转到状态 276


状态 268

   56 primary_key: COMMA PRIMARY KEY LBRACE • attr_list RBRACE

    ID  偏移，并进入状态 277

    attr_list  转到状态 278


状态 269

   67 storage_format: STORAGE FORMAT • EQ ID

    EQ  偏移，并进入状态 279


状态 270

   37 attribute_name_list: attribute_name_list COMMA ID •

    $default  使用规则 37 以归约 (attribute_name_list)


状态 271

   35 create_index_stmt: CREATE UNIQUE INDEX ID ON ID LBRACE attribute_name_list RBRACE •

    $default  使用规则 35 以归约 (create_index_stmt)


状态 272

   74 select_stmt: SELECT expression_list FROM relation INNER JOIN relation ON condition •

    $default  使用规则 74 以归约 (select_stmt)


状态 273

  114 condition: value NOT IN LBRACE value_list RBRACE •

    $default  使用规则 114 以归约 (condition)


状态 274

  112 condition: rel_attr NOT IN LBRACE value_list RBRACE •

    $default  使用规则 112 以归约 (condition)


状态 275

  116 condition: rel_attr NOT IN LBRACE select_stmt RBRACE •

    $default  使用规则 116 以归约 (condition)


状态 276

   43 attr_def: ID type LBRACE number RBRACE nullable_spec •

    $default  使用规则 43 以归约 (attr_def)


状态 277

   57 attr_list: ID •
   58          | ID • COMMA attr_list

    COMMA  偏移，并进入状态 280

    $default  使用规则 57 以归约 (attr_list)


状态 278

   56 primary_key: COMMA PRIMARY KEY LBRACE attr_list • RBRACE

    RBRACE  偏移，并进入状态 281


状态 279

   67 storage_format: STORAGE FORMAT EQ • ID

    ID  偏移，并进入状态 282


状态 280

   58 attr_list: ID COMMA • attr_list

    ID  偏移，并进入状态 277

    attr_list  转到状态 283


状态 281

   56 primary_key: COMMA PRIMARY KEY LBRACE attr_list RBRACE •

    $default  使用规则 56 以归约 (primary_key)


状态 282

   67 storage_format: STORAGE FORMAT EQ ID •

    $default  使用规则 67 以归约 (storage_format)


状态 283

   58 attr_list: ID COMMA attr_list •

    $default  使用规则 58 以归约 (attr_list)
